[2022-06-25T14:04:29.861] [WARN] warn - { ruta: '/login', metodo: 'GET' }
[2022-06-25T14:04:29.966] [WARN] warn - { ruta: '/assets/iconCel.ico', metodo: 'GET' }
[2022-06-25T14:04:37.503] [WARN] warn - { ruta: '/assets/iconCel.ico', metodo: 'GET' }
[2022-06-25T14:16:16.034] [WARN] warn - { ruta: '/login', metodo: 'GET' }
[2022-06-25T14:16:16.178] [WARN] warn - { ruta: '/assets/iconCel.ico', metodo: 'GET' }
[2022-06-25T14:16:23.760] [WARN] warn - { ruta: '/assets/iconCel.ico', metodo: 'GET' }
[2022-06-25T14:16:57.941] [WARN] warn - { ruta: '/assets/iconCel.ico', metodo: 'GET' }
[2022-06-25T14:19:33.397] [WARN] warn - { ruta: '/assets/iconCel.ico', metodo: 'GET' }
[2022-06-25T14:20:06.694] [WARN] warn - { ruta: '/assets/iconCel.ico', metodo: 'GET' }
[2022-06-25T14:20:44.083] [WARN] warn - { ruta: '/assets/iconCel.ico', metodo: 'GET' }
[2022-06-25T14:22:13.515] [WARN] warn - { ruta: '/assets/iconCel.ico', metodo: 'GET' }
[2022-06-25T14:23:19.483] [WARN] warn - { ruta: '/assets/iconCel.ico', metodo: 'GET' }
[2022-06-25T14:25:21.365] [WARN] warn - { ruta: '/assets/iconCel.ico', metodo: 'GET' }
[2022-06-25T14:28:58.481] [WARN] warn - { ruta: '/login', metodo: 'GET' }
[2022-06-25T14:28:58.603] [WARN] warn - { ruta: '/assets/iconCel.ico', metodo: 'GET' }
[2022-06-25T14:29:06.521] [WARN] warn - { ruta: '/assets/iconCel.ico', metodo: 'GET' }
[2022-06-25T14:34:19.755] [WARN] warn - { ruta: '/assets/iconCel.ico', metodo: 'GET' }
[2022-06-25T14:35:58.377] [WARN] warn - { ruta: '/assets/iconCel.ico', metodo: 'GET' }
[2022-06-25T14:36:16.879] [WARN] warn - { ruta: '/assets/iconCel.ico', metodo: 'GET' }
[2022-06-25T14:38:15.749] [WARN] warn - { ruta: '/assets/iconCel.ico', metodo: 'GET' }
[2022-06-25T14:38:57.540] [WARN] warn - { ruta: '/assets/iconCel.ico', metodo: 'GET' }
[2022-06-25T14:39:17.119] [WARN] warn - { ruta: '/', metodo: 'POST' }
[2022-06-25T14:39:21.438] [WARN] warn - { ruta: '/', metodo: 'POST' }
[2022-06-25T14:39:48.149] [WARN] warn - { ruta: '/login', metodo: 'GET' }
[2022-06-25T14:39:48.275] [WARN] warn - { ruta: '/assets/iconCel.ico', metodo: 'GET' }
[2022-06-25T14:39:57.338] [WARN] warn - { ruta: '/assets/iconCel.ico', metodo: 'GET' }
[2022-06-25T14:41:20.378] [WARN] warn - { ruta: '/assets/iconCel.ico', metodo: 'GET' }
[2022-06-25T14:43:32.706] [WARN] warn - { ruta: '/assets/iconCel.ico', metodo: 'GET' }
[2022-06-25T19:49:30.477] [WARN] warn - { ruta: '/login', metodo: 'GET' }
[2022-06-25T19:50:18.460] [WARN] warn - { ruta: '/', metodo: 'GET' }
[2022-06-25T19:50:18.550] [WARN] warn - { ruta: '/assets/iconCel.ico', metodo: 'GET' }
[2022-06-25T19:50:25.752] [WARN] warn - { ruta: '/assets/iconCel.ico', metodo: 'GET' }
[2022-06-25T19:51:55.041] [WARN] warn - { ruta: '/assets/iconCel.ico', metodo: 'GET' }
[2022-06-25T19:53:53.117] [WARN] warn - { ruta: '/assets/iconCel.ico', metodo: 'GET' }
[2022-06-25T19:55:15.118] [WARN] warn - { ruta: '/assets/iconCel.ico', metodo: 'GET' }
[2022-06-25T19:55:50.629] [WARN] warn - { ruta: '/assets/iconCel.ico', metodo: 'GET' }
[2022-06-25T20:00:41.915] [WARN] warn - { ruta: '/login', metodo: 'GET' }
[2022-06-25T20:00:41.998] [WARN] warn - { ruta: '/assets/iconCel.ico', metodo: 'GET' }
[2022-06-25T20:00:49.517] [WARN] warn - { ruta: '/assets/iconCel.ico', metodo: 'GET' }
[2022-06-25T20:13:19.750] [WARN] warn - { ruta: '/login', metodo: 'GET' }
[2022-06-25T20:13:19.807] [WARN] warn - { ruta: '/assets/iconCel.ico', metodo: 'GET' }
[2022-06-25T20:13:33.962] [WARN] warn - { ruta: '/assets/iconCel.ico', metodo: 'GET' }
[2022-06-25T20:16:02.099] [WARN] warn - { ruta: '/assets/iconCel.ico', metodo: 'GET' }
[2022-06-25T20:18:19.141] [WARN] warn - { ruta: '/assets/iconCel.ico', metodo: 'GET' }
[2022-06-25T20:20:28.723] [WARN] warn - { ruta: '/assets/iconCel.ico', metodo: 'GET' }
[2022-06-25T20:20:46.391] [WARN] warn - { ruta: '/assets/iconCel.ico', metodo: 'GET' }
[2022-06-25T20:20:47.399] [WARN] warn - { ruta: '/assets/iconCel.ico', metodo: 'GET' }
[2022-06-25T20:21:35.995] [WARN] warn - { ruta: '/assets/iconCel.ico', metodo: 'GET' }
[2022-06-25T20:22:09.920] [WARN] warn - { ruta: '/assets/iconCel.ico', metodo: 'GET' }
[2022-06-25T20:23:54.511] [WARN] warn - { ruta: '/login', metodo: 'GET' }
[2022-06-25T20:23:54.591] [WARN] warn - { ruta: '/assets/iconCel.ico', metodo: 'GET' }
[2022-06-25T20:24:04.105] [WARN] warn - { ruta: '/assets/iconCel.ico', metodo: 'GET' }
[2022-06-25T20:27:10.061] [WARN] warn - { ruta: '/assets/iconCel.ico', metodo: 'GET' }
[2022-06-25T20:29:07.491] [WARN] warn - { ruta: '/assets/iconCel.ico', metodo: 'GET' }
[2022-06-25T20:29:44.339] [WARN] warn - { ruta: '/assets/iconCel.ico', metodo: 'GET' }
[2022-06-25T20:33:03.350] [WARN] warn - { ruta: '/login', metodo: 'GET' }
[2022-06-25T20:33:03.653] [WARN] warn - { ruta: '/assets/iconCel.ico', metodo: 'GET' }
[2022-06-25T20:33:10.134] [WARN] warn - { ruta: '/assets/iconCel.ico', metodo: 'GET' }
[2022-06-25T20:41:46.139] [WARN] warn - { ruta: '/assets/iconCel.ico', metodo: 'GET' }
[2022-06-25T20:42:05.980] [WARN] warn - { ruta: '/assets/iconCel.ico', metodo: 'GET' }
[2022-06-25T20:42:50.065] [WARN] warn - { ruta: '/assets/iconCel.ico', metodo: 'GET' }
[2022-06-25T20:43:17.913] [WARN] warn - { ruta: '/login', metodo: 'GET' }
[2022-06-25T20:43:17.982] [WARN] warn - { ruta: '/assets/iconCel.ico', metodo: 'GET' }
[2022-06-25T20:43:22.950] [WARN] warn - { ruta: '/assets/iconCel.ico', metodo: 'GET' }
[2022-06-25T20:44:01.332] [WARN] warn - { ruta: '/assets/iconCel.ico', metodo: 'GET' }
[2022-06-25T20:45:08.980] [WARN] warn - { ruta: '/assets/iconCel.ico', metodo: 'GET' }
[2022-06-25T20:45:40.720] [WARN] warn - { ruta: '/assets/iconCel.ico', metodo: 'GET' }
[2022-06-25T20:50:46.880] [WARN] warn - { ruta: '/assets/iconCel.ico', metodo: 'GET' }
[2022-06-25T20:51:40.169] [WARN] warn - { ruta: '/assets/iconCel.ico', metodo: 'GET' }
[2022-06-25T20:51:55.942] [WARN] warn - { ruta: '/assets/iconCel.ico', metodo: 'GET' }
[2022-06-25T20:52:49.496] [WARN] warn - { ruta: '/assets/iconCel.ico', metodo: 'GET' }
[2022-06-25T20:53:20.289] [WARN] warn - { ruta: '/assets/iconCel.ico', metodo: 'GET' }
[2022-06-25T20:53:33.824] [WARN] warn - { ruta: '/', metodo: 'POST' }
[2022-06-25T20:53:41.862] [WARN] warn - { ruta: '/login', metodo: 'GET' }
[2022-06-25T20:53:41.924] [WARN] warn - { ruta: '/assets/iconCel.ico', metodo: 'GET' }
[2022-06-25T20:53:48.101] [WARN] warn - { ruta: '/assets/iconCel.ico', metodo: 'GET' }
[2022-06-25T20:54:37.547] [WARN] warn - { ruta: '/assets/iconCel.ico', metodo: 'GET' }
[2022-06-25T20:55:08.393] [WARN] warn - { ruta: '/assets/iconCel.ico', metodo: 'GET' }
[2022-06-25T20:55:25.315] [WARN] warn - { ruta: '/assets/iconCel.ico', metodo: 'GET' }
[2022-06-25T20:55:50.432] [WARN] warn - { ruta: '/assets/iconCel.ico', metodo: 'GET' }
[2022-06-25T20:56:00.624] [WARN] warn - { ruta: '/assets/iconCel.ico', metodo: 'GET' }
[2022-06-25T20:56:11.868] [WARN] warn - { ruta: '/assets/iconCel.ico', metodo: 'GET' }
[2022-06-25T20:56:29.713] [WARN] warn - { ruta: '/assets/iconCel.ico', metodo: 'GET' }
[2022-06-25T20:56:49.620] [WARN] warn - { ruta: '/assets/iconCel.ico', metodo: 'GET' }
[2022-06-25T20:57:00.576] [WARN] warn - { ruta: '/assets/iconCel.ico', metodo: 'GET' }
[2022-06-25T20:58:12.541] [WARN] warn - { ruta: '/assets/iconCel.ico', metodo: 'GET' }
[2022-06-25T21:11:13.133] [WARN] warn - { ruta: '/login', metodo: 'GET' }
[2022-06-25T21:11:13.219] [WARN] warn - { ruta: '/assets/iconCel.ico', metodo: 'GET' }
[2022-06-25T21:11:23.233] [WARN] warn - { ruta: '/assets/iconCel.ico', metodo: 'GET' }
[2022-06-25T21:11:46.868] [WARN] warn - { ruta: '/assets/iconCel.ico', metodo: 'GET' }
[2022-06-25T21:18:16.665] [WARN] warn - { ruta: '/assets/iconCel.ico', metodo: 'GET' }
[2022-06-25T21:19:55.790] [WARN] warn - { ruta: '/assets/iconCel.ico', metodo: 'GET' }
[2022-06-25T21:23:41.197] [WARN] warn - { ruta: '/login', metodo: 'GET' }
[2022-06-25T21:23:41.283] [WARN] warn - { ruta: '/assets/iconCel.ico', metodo: 'GET' }
[2022-06-25T21:23:49.756] [WARN] warn - { ruta: '/assets/iconCel.ico', metodo: 'GET' }
[2022-06-25T21:24:47.515] [WARN] warn - { ruta: '/assets/iconCel.ico', metodo: 'GET' }
[2022-06-25T21:25:08.528] [WARN] warn - { ruta: '/assets/iconCel.ico', metodo: 'GET' }
[2022-06-25T21:27:29.692] [WARN] warn - { ruta: '/assets/iconCel.ico', metodo: 'GET' }
[2022-06-25T21:29:26.159] [WARN] warn - { ruta: '/assets/iconCel.ico', metodo: 'GET' }
[2022-06-25T21:29:43.573] [WARN] warn - { ruta: '/assets/iconCel.ico', metodo: 'GET' }
[2022-06-25T21:34:05.203] [WARN] warn - { ruta: '/login', metodo: 'GET' }
[2022-06-25T21:34:05.288] [WARN] warn - { ruta: '/assets/iconCel.ico', metodo: 'GET' }
[2022-06-25T21:36:05.497] [WARN] warn - { ruta: '/login', metodo: 'GET' }
[2022-06-25T21:36:05.575] [WARN] warn - { ruta: '/assets/iconCel.ico', metodo: 'GET' }
[2022-06-25T21:36:06.624] [WARN] warn - { ruta: '/login', metodo: 'GET' }
[2022-06-25T21:36:06.692] [WARN] warn - { ruta: '/assets/iconCel.ico', metodo: 'GET' }
[2022-06-25T21:37:09.171] [WARN] warn - { ruta: '/login', metodo: 'GET' }
[2022-06-25T21:37:09.250] [WARN] warn - { ruta: '/assets/iconCel.ico', metodo: 'GET' }
[2022-06-25T21:37:17.739] [WARN] warn - { ruta: '/assets/iconCel.ico', metodo: 'GET' }
[2022-06-25T21:37:42.094] [WARN] warn - { ruta: '/assets/iconCel.ico', metodo: 'GET' }
[2022-06-25T21:38:13.331] [WARN] warn - { ruta: '/assets/iconCel.ico', metodo: 'GET' }
[2022-06-25T21:40:29.554] [WARN] warn - { ruta: '/assets/iconCel.ico', metodo: 'GET' }
[2022-06-25T21:40:42.797] [WARN] warn - { ruta: '/assets/iconCel.ico', metodo: 'GET' }
[2022-06-25T21:41:36.315] [WARN] warn - { ruta: '/assets/iconCel.ico', metodo: 'GET' }
[2022-06-25T21:43:24.917] [WARN] warn - { ruta: '/assets/iconCel.ico', metodo: 'GET' }
[2022-06-25T21:43:56.554] [WARN] warn - { ruta: '/assets/iconCel.ico', metodo: 'GET' }
[2022-06-25T21:44:21.634] [WARN] warn - { ruta: '/assets/iconCel.ico', metodo: 'GET' }
[2022-06-25T21:49:28.130] [WARN] warn - { ruta: '/login', metodo: 'GET' }
[2022-06-25T21:49:28.201] [WARN] warn - { ruta: '/assets/iconCel.ico', metodo: 'GET' }
[2022-06-25T22:11:30.953] [WARN] warn - { ruta: '/login', metodo: 'GET' }
[2022-06-25T22:11:31.029] [WARN] warn - { ruta: '/assets/iconCel.ico', metodo: 'GET' }
[2022-06-25T22:11:39.547] [WARN] warn - { ruta: '/assets/iconCel.ico', metodo: 'GET' }
[2022-06-25T22:14:25.948] [WARN] warn - { ruta: '/assets/iconCel.ico', metodo: 'GET' }
[2022-06-25T22:15:34.444] [WARN] warn - { ruta: '/assets/iconCel.ico', metodo: 'GET' }
[2022-06-25T22:16:16.903] [WARN] warn - { ruta: '/assets/iconCel.ico', metodo: 'GET' }
[2022-06-25T22:16:39.390] [WARN] warn - { ruta: '/assets/iconCel.ico', metodo: 'GET' }
[2022-06-25T22:18:49.768] [WARN] warn - { ruta: '/assets/iconCel.ico', metodo: 'GET' }
[2022-06-25T22:19:19.106] [WARN] warn - { ruta: '/assets/iconCel.ico', metodo: 'GET' }
[2022-06-25T22:20:17.269] [WARN] warn - { ruta: '/assets/iconCel.ico', metodo: 'GET' }
[2022-06-25T22:22:47.256] [WARN] warn - { ruta: '/login', metodo: 'GET' }
[2022-06-25T22:22:47.378] [WARN] warn - { ruta: '/assets/iconCel.ico', metodo: 'GET' }
[2022-06-25T22:22:56.003] [WARN] warn - { ruta: '/assets/iconCel.ico', metodo: 'GET' }
[2022-06-25T22:25:27.071] [WARN] warn - { ruta: '/assets/iconCel.ico', metodo: 'GET' }
[2022-06-25T22:28:36.755] [WARN] warn - { ruta: '/assets/iconCel.ico', metodo: 'GET' }
[2022-06-25T22:28:49.506] [WARN] warn - { ruta: '/assets/iconCel.ico', metodo: 'GET' }
[2022-06-25T22:32:02.843] [WARN] warn - { ruta: '/assets/iconCel.ico', metodo: 'GET' }
[2022-06-25T22:32:26.193] [WARN] warn - { ruta: '/assets/iconCel.ico', metodo: 'GET' }
[2022-06-25T22:32:39.846] [WARN] warn - { ruta: '/assets/iconCel.ico', metodo: 'GET' }
[2022-06-25T22:42:54.692] [WARN] warn - { ruta: '/login', metodo: 'GET' }
[2022-06-25T22:42:54.783] [WARN] warn - { ruta: '/assets/iconCel.ico', metodo: 'GET' }
[2022-06-25T22:43:02.341] [WARN] warn - { ruta: '/assets/iconCel.ico', metodo: 'GET' }
[2022-06-25T22:43:19.892] [WARN] warn - { ruta: '/assets/iconCel.ico', metodo: 'GET' }
[2022-06-25T22:44:54.904] [WARN] warn - { ruta: '/assets/iconCel.ico', metodo: 'GET' }
[2022-06-25T22:45:35.735] [WARN] warn - { ruta: '/assets/iconCel.ico', metodo: 'GET' }
[2022-06-25T22:45:37.100] [WARN] warn - { ruta: '/undefined', metodo: 'GET' }
[2022-06-25T22:46:34.878] [WARN] warn - { ruta: '/assets/iconCel.ico', metodo: 'GET' }
[2022-06-25T22:48:45.795] [WARN] warn - { ruta: '/assets/iconCel.ico', metodo: 'GET' }
[2022-06-25T22:50:21.719] [WARN] warn - { ruta: '/assets/iconCel.ico', metodo: 'GET' }
[2022-06-25T22:50:39.380] [WARN] warn - { ruta: '/assets/iconCel.ico', metodo: 'GET' }
[2022-06-25T22:58:24.723] [WARN] warn - { ruta: '/login', metodo: 'GET' }
[2022-06-25T22:58:24.811] [WARN] warn - { ruta: '/assets/iconCel.ico', metodo: 'GET' }
[2022-06-25T22:58:34.167] [WARN] warn - { ruta: '/assets/iconCel.ico', metodo: 'GET' }
[2022-06-25T22:58:58.951] [WARN] warn - { ruta: '/assets/iconCel.ico', metodo: 'GET' }
[2022-06-25T22:59:40.823] [WARN] warn - { ruta: '/assets/iconCel.ico', metodo: 'GET' }
[2022-06-25T23:01:53.942] [WARN] warn - { ruta: '/assets/iconCel.ico', metodo: 'GET' }
[2022-06-25T23:02:26.314] [WARN] warn - { ruta: '/assets/iconCel.ico', metodo: 'GET' }
[2022-06-25T23:03:24.031] [WARN] warn - { ruta: '/assets/iconCel.ico', metodo: 'GET' }
[2022-06-25T23:04:35.276] [WARN] warn - { ruta: '/assets/iconCel.ico', metodo: 'GET' }
[2022-06-25T23:05:04.389] [WARN] warn - { ruta: '/assets/iconCel.ico', metodo: 'GET' }
[2022-06-25T23:08:23.196] [WARN] warn - { ruta: '/assets/iconCel.ico', metodo: 'GET' }
[2022-06-25T23:09:31.351] [WARN] warn - { ruta: '/login', metodo: 'GET' }
[2022-06-25T23:09:31.455] [WARN] warn - { ruta: '/assets/iconCel.ico', metodo: 'GET' }
[2022-06-25T23:10:06.326] [WARN] warn - { ruta: '/assets/iconCel.ico', metodo: 'GET' }
[2022-06-25T23:14:15.619] [WARN] warn - { ruta: '/assets/iconCel.ico', metodo: 'GET' }
[2022-06-25T23:14:44.472] [WARN] warn - { ruta: '/assets/iconCel.ico', metodo: 'GET' }
[2022-06-25T23:24:14.507] [WARN] warn - { ruta: '/logout', metodo: 'POST' }
[2022-06-25T23:24:14.606] [WARN] warn - { ruta: '/assets/iconCel.ico', metodo: 'GET' }
[2022-06-25T23:24:16.076] [WARN] warn - { ruta: '/assets/iconCel.ico', metodo: 'GET' }
[2022-06-25T23:24:35.932] [WARN] warn - { ruta: '/assets/iconCel.ico', metodo: 'GET' }
[2022-06-25T23:24:52.566] [WARN] warn - { ruta: '/assets/iconCel.ico', metodo: 'GET' }
[2022-06-25T23:26:38.846] [WARN] warn - { ruta: '/', metodo: 'GET' }
[2022-06-25T23:26:39.715] [WARN] warn - { ruta: '/assets/iconCel.ico', metodo: 'GET' }
[2022-06-25T23:26:43.209] [WARN] warn - { ruta: '/assets/iconCel.ico', metodo: 'GET' }
[2022-06-25T23:26:59.250] [WARN] warn - { ruta: '/assets/iconCel.ico', metodo: 'GET' }
[2022-06-25T23:29:20.815] [WARN] warn - { ruta: '/assets/iconCel.ico', metodo: 'GET' }
[2022-06-25T23:30:13.857] [WARN] warn - { ruta: '/assets/iconCel.ico', metodo: 'GET' }
[2022-06-25T23:30:42.763] [WARN] warn - { ruta: '/assets/iconCel.ico', metodo: 'GET' }
[2022-06-25T23:31:02.020] [WARN] warn - { ruta: '/assets/iconCel.ico', metodo: 'GET' }
[2022-06-25T23:36:02.769] [WARN] warn - { ruta: '/assets/iconCel.ico', metodo: 'GET' }
[2022-06-25T23:36:57.595] [WARN] warn - { ruta: '/login', metodo: 'GET' }
[2022-06-25T23:36:57.703] [WARN] warn - { ruta: '/assets/iconCel.ico', metodo: 'GET' }
[2022-06-25T23:37:13.163] [WARN] warn - { ruta: '/assets/iconCel.ico', metodo: 'GET' }
[2022-06-25T23:37:37.364] [WARN] warn - { ruta: '/assets/iconCel.ico', metodo: 'GET' }
[2022-06-25T23:39:19.244] [WARN] warn - { ruta: '/assets/iconCel.ico', metodo: 'GET' }
[2022-06-25T23:39:38.615] [WARN] warn - { ruta: '/assets/iconCel.ico', metodo: 'GET' }
[2022-06-25T23:40:00.765] [WARN] warn - { ruta: '/assets/iconCel.ico', metodo: 'GET' }
[2022-06-25T23:40:14.904] [WARN] warn - { ruta: '/assets/iconCel.ico', metodo: 'GET' }
[2022-06-25T23:40:54.833] [WARN] warn - { ruta: '/assets/iconCel.ico', metodo: 'GET' }
[2022-06-25T23:41:25.111] [WARN] warn - { ruta: '/assets/iconCel.ico', metodo: 'GET' }
[2022-06-25T23:41:30.307] [WARN] warn - { ruta: '/', metodo: 'GET' }
[2022-06-25T23:41:30.962] [WARN] warn - { ruta: '/assets/iconCel.ico', metodo: 'GET' }
[2022-06-25T23:41:35.512] [WARN] warn - { ruta: '/assets/iconCel.ico', metodo: 'GET' }
[2022-06-25T23:42:00.493] [WARN] warn - { ruta: '/', metodo: 'GET' }
[2022-06-25T23:42:00.853] [WARN] warn - { ruta: '/assets/iconCel.ico', metodo: 'GET' }
[2022-06-25T23:42:05.248] [WARN] warn - { ruta: '/assets/iconCel.ico', metodo: 'GET' }
[2022-06-25T23:42:29.257] [WARN] warn - { ruta: '/', metodo: 'GET' }
[2022-06-25T23:42:30.496] [WARN] warn - { ruta: '/assets/iconCel.ico', metodo: 'GET' }
[2022-06-25T23:42:36.985] [WARN] warn - { ruta: '/assets/iconCel.ico', metodo: 'GET' }
[2022-06-25T23:43:33.105] [WARN] warn - { ruta: '/assets/iconCel.ico', metodo: 'GET' }
[2022-06-25T23:43:40.375] [WARN] warn - { ruta: '/', metodo: 'GET' }
[2022-06-25T23:43:41.029] [WARN] warn - { ruta: '/assets/iconCel.ico', metodo: 'GET' }
[2022-06-25T23:43:46.874] [WARN] warn - { ruta: '/assets/iconCel.ico', metodo: 'GET' }
[2022-06-25T23:44:36.105] [WARN] warn - { ruta: '/assets/iconCel.ico', metodo: 'GET' }
[2022-06-25T23:45:14.320] [WARN] warn - { ruta: '/assets/iconCel.ico', metodo: 'GET' }
[2022-06-25T23:46:38.713] [WARN] warn - { ruta: '/', metodo: 'GET' }
[2022-06-25T23:46:39.085] [WARN] warn - { ruta: '/assets/iconCel.ico', metodo: 'GET' }
[2022-06-25T23:46:43.890] [WARN] warn - { ruta: '/assets/iconCel.ico', metodo: 'GET' }
[2022-06-25T23:49:22.597] [WARN] warn - { ruta: '/assets/iconCel.ico', metodo: 'GET' }
[2022-06-25T23:50:09.453] [WARN] warn - { ruta: '/assets/iconCel.ico', metodo: 'GET' }
[2022-06-25T23:50:31.226] [WARN] warn - { ruta: '/assets/iconCel.ico', metodo: 'GET' }
[2022-06-25T23:52:09.910] [WARN] warn - { ruta: '/assets/iconCel.ico', metodo: 'GET' }
[2022-06-25T23:52:30.051] [WARN] warn - { ruta: '/assets/iconCel.ico', metodo: 'GET' }
[2022-06-25T23:53:23.938] [WARN] warn - { ruta: '/assets/iconCel.ico', metodo: 'GET' }
[2022-06-25T23:54:03.595] [WARN] warn - { ruta: '/assets/iconCel.ico', metodo: 'GET' }
[2022-06-25T23:54:59.167] [WARN] warn - { ruta: '/assets/iconCel.ico', metodo: 'GET' }
[2022-06-25T23:55:58.204] [WARN] warn - { ruta: '/assets/iconCel.ico', metodo: 'GET' }
[2022-06-25T23:56:46.323] [WARN] warn - { ruta: '/login', metodo: 'GET' }
[2022-06-25T23:56:46.419] [WARN] warn - { ruta: '/assets/iconCel.ico', metodo: 'GET' }
[2022-06-25T23:56:55.321] [WARN] warn - { ruta: '/assets/iconCel.ico', metodo: 'GET' }
[2022-06-25T23:57:24.550] [WARN] warn - { ruta: '/assets/iconCel.ico', metodo: 'GET' }
[2022-06-25T23:58:13.359] [WARN] warn - { ruta: '/', metodo: 'GET' }
[2022-06-25T23:58:14.300] [WARN] warn - { ruta: '/assets/iconCel.ico', metodo: 'GET' }
[2022-06-25T23:58:27.378] [WARN] warn - { ruta: '/assets/iconCel.ico', metodo: 'GET' }
[2022-06-26T11:38:46.244] [WARN] warn - { ruta: '/login', metodo: 'GET' }
[2022-06-26T11:38:46.352] [WARN] warn - { ruta: '/assets/iconCel.ico', metodo: 'GET' }
[2022-06-26T11:41:28.149] [WARN] warn - { ruta: '/login', metodo: 'GET' }
[2022-06-26T11:41:28.252] [WARN] warn - { ruta: '/assets/iconCel.ico', metodo: 'GET' }
[2022-06-26T11:41:37.540] [WARN] warn - { ruta: '/assets/iconCel.ico', metodo: 'GET' }
[2022-06-26T11:42:15.324] [WARN] warn - { ruta: '/', metodo: 'GET' }
[2022-06-26T11:42:15.857] [WARN] warn - { ruta: '/assets/iconCel.ico', metodo: 'GET' }
[2022-06-26T11:42:21.554] [WARN] warn - { ruta: '/assets/iconCel.ico', metodo: 'GET' }
[2022-06-26T11:44:17.830] [WARN] warn - { ruta: '/assets/iconCel.ico', metodo: 'GET' }
[2022-06-26T11:45:47.071] [WARN] warn - { ruta: '/assets/iconCel.ico', metodo: 'GET' }
[2022-06-26T11:45:56.098] [WARN] warn - { ruta: '/assets/iconCel.ico', metodo: 'GET' }
[2022-06-26T11:46:37.914] [WARN] warn - { ruta: '/assets/iconCel.ico', metodo: 'GET' }
[2022-06-26T11:51:17.294] [WARN] warn - { ruta: '/assets/iconCel.ico', metodo: 'GET' }
[2022-06-26T11:54:27.971] [WARN] warn - { ruta: '/login', metodo: 'GET' }
[2022-06-26T11:54:28.090] [WARN] warn - { ruta: '/assets/iconCel.ico', metodo: 'GET' }
[2022-06-26T11:54:37.942] [WARN] warn - { ruta: '/assets/iconCel.ico', metodo: 'GET' }
[2022-06-26T11:56:02.989] [WARN] warn - { ruta: '/assets/iconCel.ico', metodo: 'GET' }
[2022-06-26T11:57:18.535] [WARN] warn - { ruta: '/assets/iconCel.ico', metodo: 'GET' }
[2022-06-26T11:59:06.320] [WARN] warn - { ruta: '/assets/iconCel.ico', metodo: 'GET' }
[2022-06-26T12:00:55.543] [WARN] warn - { ruta: '/assets/iconCel.ico', metodo: 'GET' }
[2022-06-26T12:01:27.672] [WARN] warn - { ruta: '/assets/iconCel.ico', metodo: 'GET' }
[2022-06-26T12:02:12.441] [WARN] warn - { ruta: '/assets/iconCel.ico', metodo: 'GET' }
[2022-06-26T12:03:10.044] [WARN] warn - { ruta: '/assets/iconCel.ico', metodo: 'GET' }
[2022-06-26T12:04:10.999] [WARN] warn - { ruta: '/assets/iconCel.ico', metodo: 'GET' }
[2022-06-26T12:06:39.467] [WARN] warn - { ruta: '/login', metodo: 'GET' }
[2022-06-26T12:06:39.552] [WARN] warn - { ruta: '/assets/iconCel.ico', metodo: 'GET' }
[2022-06-26T12:06:49.262] [WARN] warn - { ruta: '/assets/iconCel.ico', metodo: 'GET' }
[2022-06-26T12:11:11.271] [WARN] warn - { ruta: '/login', metodo: 'GET' }
[2022-06-26T12:11:11.898] [WARN] warn - { ruta: '/assets/iconCel.ico', metodo: 'GET' }
[2022-06-26T12:11:19.126] [WARN] warn - { ruta: '/assets/iconCel.ico', metodo: 'GET' }
[2022-06-26T12:12:06.601] [WARN] warn - { ruta: '/assets/iconCel.ico', metodo: 'GET' }
[2022-06-26T12:13:00.537] [WARN] warn - { ruta: '/assets/iconCel.ico', metodo: 'GET' }
[2022-06-26T12:18:44.334] [WARN] warn - { ruta: '/', metodo: 'GET' }
[2022-06-26T12:18:45.177] [WARN] warn - { ruta: '/assets/iconCel.ico', metodo: 'GET' }
[2022-06-26T12:19:43.144] [WARN] warn - { ruta: '/', metodo: 'GET' }
[2022-06-26T12:19:46.517] [WARN] warn - { ruta: '/assets/iconCel.ico', metodo: 'GET' }
[2022-06-26T12:20:10.206] [WARN] warn - { ruta: '/assets/iconCel.ico', metodo: 'GET' }
[2022-06-26T12:20:23.910] [WARN] warn - { ruta: '/', metodo: 'GET' }
[2022-06-26T12:20:24.445] [WARN] warn - { ruta: '/assets/iconCel.ico', metodo: 'GET' }
[2022-06-26T12:20:31.617] [WARN] warn - { ruta: '/assets/iconCel.ico', metodo: 'GET' }
[2022-06-26T12:20:48.625] [WARN] warn - { ruta: '/login', metodo: 'GET' }
[2022-06-26T12:20:49.443] [WARN] warn - { ruta: '/assets/iconCel.ico', metodo: 'GET' }
[2022-06-26T12:21:07.044] [WARN] warn - { ruta: '/assets/iconCel.ico', metodo: 'GET' }
[2022-06-26T12:21:30.573] [WARN] warn - { ruta: '/', metodo: 'GET' }
[2022-06-26T12:21:31.233] [WARN] warn - { ruta: '/assets/iconCel.ico', metodo: 'GET' }
[2022-06-26T12:21:36.341] [WARN] warn - { ruta: '/assets/iconCel.ico', metodo: 'GET' }
[2022-06-26T12:21:52.229] [WARN] warn - { ruta: '/', metodo: 'GET' }
[2022-06-26T12:21:53.252] [WARN] warn - { ruta: '/assets/iconCel.ico', metodo: 'GET' }
[2022-06-26T12:21:58.571] [WARN] warn - { ruta: '/assets/iconCel.ico', metodo: 'GET' }
[2022-06-26T12:22:14.278] [WARN] warn - { ruta: '/', metodo: 'GET' }
[2022-06-26T12:22:15.161] [WARN] warn - { ruta: '/assets/iconCel.ico', metodo: 'GET' }
[2022-06-26T12:22:22.116] [WARN] warn - { ruta: '/assets/iconCel.ico', metodo: 'GET' }
[2022-06-26T12:22:45.207] [WARN] warn - { ruta: '/', metodo: 'GET' }
[2022-06-26T12:22:45.864] [WARN] warn - { ruta: '/assets/iconCel.ico', metodo: 'GET' }
[2022-06-26T12:22:52.184] [WARN] warn - { ruta: '/assets/iconCel.ico', metodo: 'GET' }
[2022-06-26T12:41:43.390] [WARN] warn - { ruta: '/login', metodo: 'GET' }
[2022-06-26T12:41:43.488] [WARN] warn - { ruta: '/assets/iconCel.ico', metodo: 'GET' }
[2022-06-26T12:41:53.404] [WARN] warn - { ruta: '/assets/iconCel.ico', metodo: 'GET' }
[2022-06-26T12:42:53.455] [WARN] warn - { ruta: '/assets/iconCel.ico', metodo: 'GET' }
[2022-06-26T12:43:00.417] [WARN] warn - { ruta: '/assets/iconCel.ico', metodo: 'GET' }
[2022-06-26T12:43:52.872] [WARN] warn - { ruta: '/assets/iconCel.ico', metodo: 'GET' }
[2022-06-26T12:44:09.709] [WARN] warn - { ruta: '/assets/iconCel.ico', metodo: 'GET' }
[2022-06-26T12:46:19.711] [WARN] warn - { ruta: '/assets/iconCel.ico', metodo: 'GET' }
[2022-06-26T12:46:33.806] [WARN] warn - { ruta: '/assets/iconCel.ico', metodo: 'GET' }
[2022-06-26T12:47:09.038] [WARN] warn - { ruta: '/assets/iconCel.ico', metodo: 'GET' }
[2022-06-26T12:48:31.203] [WARN] warn - { ruta: '/assets/iconCel.ico', metodo: 'GET' }
[2022-06-26T12:49:19.655] [WARN] warn - { ruta: '/assets/iconCel.ico', metodo: 'GET' }
[2022-06-26T12:49:42.209] [WARN] warn - { ruta: '/assets/iconCel.ico', metodo: 'GET' }
[2022-06-26T12:50:16.310] [WARN] warn - { ruta: '/assets/iconCel.ico', metodo: 'GET' }
[2022-06-26T12:51:20.819] [WARN] warn - { ruta: '/assets/iconCel.ico', metodo: 'GET' }
[2022-06-26T12:53:27.680] [WARN] warn - { ruta: '/login', metodo: 'GET' }
[2022-06-26T12:53:27.771] [WARN] warn - { ruta: '/assets/iconCel.ico', metodo: 'GET' }
[2022-06-26T12:53:36.154] [WARN] warn - { ruta: '/assets/iconCel.ico', metodo: 'GET' }
[2022-06-26T12:53:41.085] [WARN] warn - { ruta: '/assets/iconCel.ico', metodo: 'GET' }
[2022-06-26T12:54:03.093] [WARN] warn - { ruta: '/assets/iconCel.ico', metodo: 'GET' }
[2022-06-26T12:54:07.154] [WARN] warn - { ruta: '/', metodo: 'GET' }
[2022-06-26T12:54:07.556] [WARN] warn - { ruta: '/assets/iconCel.ico', metodo: 'GET' }
[2022-06-26T12:54:14.413] [WARN] warn - { ruta: '/assets/iconCel.ico', metodo: 'GET' }
[2022-06-26T12:54:29.189] [WARN] warn - { ruta: '/assets/iconCel.ico', metodo: 'GET' }
[2022-06-26T12:56:31.966] [WARN] warn - { ruta: '/assets/iconCel.ico', metodo: 'GET' }
[2022-06-26T12:56:46.483] [WARN] warn - { ruta: '/assets/iconCel.ico', metodo: 'GET' }
[2022-06-26T12:56:51.637] [WARN] warn - { ruta: '/', metodo: 'GET' }
[2022-06-26T12:56:52.611] [WARN] warn - { ruta: '/assets/iconCel.ico', metodo: 'GET' }
[2022-06-26T12:56:58.188] [WARN] warn - { ruta: '/assets/iconCel.ico', metodo: 'GET' }
[2022-06-26T12:58:37.036] [WARN] warn - { ruta: '/assets/iconCel.ico', metodo: 'GET' }
[2022-06-26T13:02:41.782] [WARN] warn - { ruta: '/assets/iconCel.ico', metodo: 'GET' }
[2022-06-26T13:02:46.976] [WARN] warn - { ruta: '/assets/iconCel.ico', metodo: 'GET' }
[2022-06-26T13:03:22.087] [WARN] warn - { ruta: '/assets/iconCel.ico', metodo: 'GET' }
[2022-06-26T13:05:40.964] [WARN] warn - { ruta: '/assets/iconCel.ico', metodo: 'GET' }
[2022-06-26T13:06:34.854] [WARN] warn - { ruta: '/assets/iconCel.ico', metodo: 'GET' }
[2022-06-26T13:06:52.687] [WARN] warn - { ruta: '/assets/iconCel.ico', metodo: 'GET' }
[2022-06-26T13:07:52.876] [WARN] warn - { ruta: '/login', metodo: 'GET' }
[2022-06-26T13:07:52.969] [WARN] warn - { ruta: '/assets/iconCel.ico', metodo: 'GET' }
[2022-06-26T13:07:52.974] [WARN] warn - { ruta: '/', metodo: 'GET' }
[2022-06-26T13:07:58.057] [WARN] warn - { ruta: '/assets/iconCel.ico', metodo: 'GET' }
[2022-06-26T13:08:25.901] [WARN] warn - { ruta: '/assets/iconCel.ico', metodo: 'GET' }
[2022-06-26T13:08:34.095] [WARN] warn - { ruta: '/assets/iconCel.ico', metodo: 'GET' }
[2022-06-26T13:08:51.296] [WARN] warn - { ruta: '/assets/iconCel.ico', metodo: 'GET' }
[2022-06-26T13:10:57.529] [WARN] warn - { ruta: '/assets/iconCel.ico', metodo: 'GET' }
[2022-06-26T13:24:48.023] [WARN] warn - { ruta: '/login', metodo: 'GET' }
[2022-06-26T13:24:48.128] [WARN] warn - { ruta: '/assets/iconCel.ico', metodo: 'GET' }
[2022-06-26T13:24:56.655] [WARN] warn - { ruta: '/assets/iconCel.ico', metodo: 'GET' }
[2022-06-26T13:25:23.454] [WARN] warn - { ruta: '/assets/iconCel.ico', metodo: 'GET' }
[2022-06-26T13:25:46.729] [WARN] warn - { ruta: '/assets/iconCel.ico', metodo: 'GET' }
[2022-06-26T13:26:23.539] [WARN] warn - { ruta: '/assets/iconCel.ico', metodo: 'GET' }
[2022-06-26T13:29:02.854] [WARN] warn - { ruta: '/assets/iconCel.ico', metodo: 'GET' }
[2022-06-26T13:31:22.463] [WARN] warn - { ruta: '/assets/iconCel.ico', metodo: 'GET' }
[2022-06-26T13:32:22.963] [WARN] warn - { ruta: '/assets/iconCel.ico', metodo: 'GET' }
[2022-06-26T13:34:14.243] [WARN] warn - { ruta: '/assets/iconCel.ico', metodo: 'GET' }
[2022-06-26T13:34:23.556] [WARN] warn - { ruta: '/assets/iconCel.ico', metodo: 'GET' }
[2022-06-26T13:34:57.947] [WARN] warn - { ruta: '/62b88a98ac36baf2bd48823d', metodo: 'DELETE' }
[2022-06-26T13:35:09.333] [WARN] warn - { ruta: '/login', metodo: 'GET' }
[2022-06-26T13:35:09.417] [WARN] warn - { ruta: '/assets/iconCel.ico', metodo: 'GET' }
[2022-06-26T13:35:09.427] [WARN] warn - { ruta: '/', metodo: 'GET' }
[2022-06-26T13:35:23.976] [WARN] warn - { ruta: '/assets/iconCel.ico', metodo: 'GET' }
[2022-06-26T13:42:22.458] [WARN] warn - { ruta: '/assets/iconCel.ico', metodo: 'GET' }
[2022-06-26T13:43:31.420] [WARN] warn - { ruta: '/assets/iconCel.ico', metodo: 'GET' }
[2022-06-26T13:43:36.797] [WARN] warn - {
  ruta: '/api/carrito/62b88c706b5ebe80cd6cc429/comprar',
  metodo: 'DELETE'
}
[2022-06-26T13:43:42.709] [WARN] warn - { ruta: '/assets/iconCel.ico', metodo: 'GET' }
[2022-06-26T13:43:47.892] [WARN] warn - {
  ruta: '/api/carrito/62b88c706b5ebe80cd6cc429/comprar',
  metodo: 'DELETE'
}
[2022-06-26T13:44:47.985] [WARN] warn - { ruta: '/assets/iconCel.ico', metodo: 'GET' }
[2022-06-26T13:44:52.923] [WARN] warn - {
  ruta: '/api/carrito/62b88c706b5ebe80cd6cc429/comprar',
  metodo: 'DELETE'
}
[2022-06-26T13:45:52.448] [WARN] warn - { ruta: '/login', metodo: 'GET' }
[2022-06-26T13:45:52.556] [WARN] warn - { ruta: '/assets/iconCel.ico', metodo: 'GET' }
[2022-06-26T13:45:52.557] [WARN] warn - { ruta: '/', metodo: 'GET' }
[2022-06-26T13:46:03.165] [WARN] warn - { ruta: '/assets/iconCel.ico', metodo: 'GET' }
[2022-06-26T13:46:54.537] [WARN] warn - { ruta: '/assets/iconCel.ico', metodo: 'GET' }
[2022-06-26T14:46:58.132] [WARN] warn - { ruta: '/login', metodo: 'GET' }
[2022-06-26T14:46:58.254] [WARN] warn - { ruta: '/', metodo: 'GET' }
[2022-06-26T14:46:58.256] [WARN] warn - { ruta: '/assets/iconCel.ico', metodo: 'GET' }
[2022-06-26T14:47:05.364] [WARN] warn - { ruta: '/assets/iconCel.ico', metodo: 'GET' }
[2022-06-26T14:47:05.380] [WARN] warn - { ruta: '/', metodo: 'GET' }
[2022-06-26T14:47:14.376] [WARN] warn - { ruta: '/assets/iconCel.ico', metodo: 'GET' }
[2022-06-26T14:50:09.576] [WARN] warn - { ruta: '/assets/iconCel.ico', metodo: 'GET' }
[2022-06-26T14:50:51.244] [WARN] warn - { ruta: '/', metodo: 'GET' }
[2022-06-26T14:50:51.756] [WARN] warn - { ruta: '/assets/iconCel.ico', metodo: 'GET' }
[2022-06-26T14:50:52.209] [WARN] warn - { ruta: '/', metodo: 'GET' }
[2022-06-26T14:50:53.410] [WARN] warn - { ruta: '/assets/iconCel.ico', metodo: 'GET' }
[2022-06-26T14:50:53.848] [WARN] warn - { ruta: '/', metodo: 'GET' }
[2022-06-26T14:53:26.292] [WARN] warn - { ruta: '/assets/iconCel.ico', metodo: 'GET' }
[2022-06-26T14:53:26.556] [WARN] warn - { ruta: '/', metodo: 'GET' }
[2022-06-26T14:53:27.153] [WARN] warn - { ruta: '/login', metodo: 'GET' }
[2022-06-26T14:53:27.978] [WARN] warn - { ruta: '/assets/iconCel.ico', metodo: 'GET' }
[2022-06-26T14:53:28.250] [WARN] warn - { ruta: '/', metodo: 'GET' }
[2022-06-26T14:53:40.779] [WARN] warn - { ruta: '/assets/iconCel.ico', metodo: 'GET' }
[2022-06-26T15:00:40.332] [WARN] warn - { ruta: '/', metodo: 'GET' }
[2022-06-26T15:00:42.486] [WARN] warn - { ruta: '/assets/iconCel.ico', metodo: 'GET' }
[2022-06-26T15:00:42.760] [WARN] warn - { ruta: '/', metodo: 'GET' }
[2022-06-26T15:00:44.730] [WARN] warn - { ruta: '/assets/iconCel.ico', metodo: 'GET' }
[2022-06-26T15:00:44.960] [WARN] warn - { ruta: '/', metodo: 'GET' }
[2022-06-26T15:01:21.153] [WARN] warn - { ruta: '/assets/iconCel.ico', metodo: 'GET' }
[2022-06-26T15:01:21.533] [WARN] warn - { ruta: '/', metodo: 'GET' }
[2022-06-26T15:03:44.054] [WARN] warn - { ruta: '/assets/iconCel.ico', metodo: 'GET' }
[2022-06-26T15:03:44.330] [WARN] warn - { ruta: '/', metodo: 'GET' }
[2022-06-26T15:05:02.457] [WARN] warn - { ruta: '/login', metodo: 'GET' }
[2022-06-26T15:05:04.957] [WARN] warn - { ruta: '/assets/iconCel.ico', metodo: 'GET' }
[2022-06-26T15:05:05.053] [WARN] warn - { ruta: '/', metodo: 'GET' }
[2022-06-26T15:05:07.268] [WARN] warn - { ruta: '/assets/iconCel.ico', metodo: 'GET' }
[2022-06-26T15:05:07.524] [WARN] warn - { ruta: '/', metodo: 'GET' }
[2022-06-26T15:05:49.090] [WARN] warn - { ruta: '/assets/iconCel.ico', metodo: 'GET' }
[2022-06-26T15:08:10.606] [WARN] warn - { ruta: '/', metodo: 'GET' }
[2022-06-26T15:08:11.587] [WARN] warn - { ruta: '/assets/iconCel.ico', metodo: 'GET' }
[2022-06-26T15:08:11.864] [WARN] warn - { ruta: '/', metodo: 'GET' }
[2022-06-26T15:08:16.640] [WARN] warn - { ruta: '/assets/iconCel.ico', metodo: 'GET' }
[2022-06-26T15:08:16.988] [WARN] warn - { ruta: '/', metodo: 'GET' }
[2022-06-26T15:08:22.140] [WARN] warn - { ruta: '/assets/iconCel.ico', metodo: 'GET' }
[2022-06-26T17:51:08.659] [WARN] warn - { ruta: '/', metodo: 'GET' }
[2022-06-26T17:51:08.768] [WARN] warn - { ruta: '/', metodo: 'GET' }
[2022-06-26T17:51:08.774] [WARN] warn - { ruta: '/assets/iconCel.ico', metodo: 'GET' }
[2022-06-26T17:51:16.734] [WARN] warn - { ruta: '/assets/iconCel.ico', metodo: 'GET' }
[2022-06-26T17:51:16.736] [WARN] warn - { ruta: '/', metodo: 'GET' }
[2022-06-26T17:51:24.639] [WARN] warn - { ruta: '/assets/iconCel.ico', metodo: 'GET' }
[2022-06-26T17:59:58.923] [WARN] warn - { ruta: '/assets/iconCel.ico', metodo: 'GET' }
[2022-06-26T18:00:50.275] [WARN] warn - { ruta: '/assets/iconCel.ico', metodo: 'GET' }
[2022-06-26T18:07:47.402] [WARN] warn - { ruta: '/login', metodo: 'GET' }
[2022-06-26T18:07:47.490] [WARN] warn - { ruta: '/assets/iconCel.ico', metodo: 'GET' }
[2022-06-26T18:07:47.494] [WARN] warn - { ruta: '/', metodo: 'GET' }
[2022-06-26T18:07:53.317] [WARN] warn - { ruta: '/assets/iconCel.ico', metodo: 'GET' }
[2022-06-26T18:07:53.323] [WARN] warn - { ruta: '/', metodo: 'GET' }
[2022-06-26T18:08:08.757] [WARN] warn - { ruta: '/assets/iconCel.ico', metodo: 'GET' }
[2022-06-26T18:11:33.442] [WARN] warn - { ruta: '/assets/iconCel.ico', metodo: 'GET' }
[2022-06-26T18:13:23.508] [WARN] warn - { ruta: '/assets/iconCel.ico', metodo: 'GET' }
[2022-06-26T18:15:36.921] [WARN] warn - { ruta: '/assets/iconCel.ico', metodo: 'GET' }
[2022-06-26T18:16:30.426] [WARN] warn - { ruta: '/assets/iconCel.ico', metodo: 'GET' }
[2022-06-26T18:19:08.832] [WARN] warn - { ruta: '/login', metodo: 'GET' }
[2022-06-26T18:19:08.917] [WARN] warn - { ruta: '/assets/iconCel.ico', metodo: 'GET' }
[2022-06-26T18:19:08.919] [WARN] warn - { ruta: '/', metodo: 'GET' }
[2022-06-26T18:19:17.095] [WARN] warn - { ruta: '/assets/iconCel.ico', metodo: 'GET' }
[2022-06-26T18:21:55.733] [WARN] warn - { ruta: '/assets/iconCel.ico', metodo: 'GET' }
[2022-06-26T18:24:41.868] [WARN] warn - { ruta: '/assets/iconCel.ico', metodo: 'GET' }
[2022-06-26T18:25:20.912] [WARN] warn - { ruta: '/assets/iconCel.ico', metodo: 'GET' }
[2022-06-26T18:26:19.336] [WARN] warn - { ruta: '/', metodo: 'GET' }
[2022-06-26T18:26:20.383] [WARN] warn - { ruta: '/assets/iconCel.ico', metodo: 'GET' }
[2022-06-26T18:26:20.423] [WARN] warn - { ruta: '/', metodo: 'GET' }
[2022-06-26T18:26:27.616] [WARN] warn - { ruta: '/login', metodo: 'GET' }
[2022-06-26T18:26:28.875] [WARN] warn - { ruta: '/assets/iconCel.ico', metodo: 'GET' }
[2022-06-26T18:26:49.887] [WARN] warn - { ruta: '/assets/iconCel.ico', metodo: 'GET' }
[2022-06-26T18:28:30.077] [WARN] warn - { ruta: '/assets/iconCel.ico', metodo: 'GET' }
[2022-06-26T18:31:27.864] [WARN] warn - { ruta: '/assets/iconCel.ico', metodo: 'GET' }
[2022-06-26T18:38:10.413] [WARN] warn - { ruta: '/login', metodo: 'GET' }
[2022-06-26T18:38:10.488] [WARN] warn - { ruta: '/', metodo: 'GET' }
[2022-06-26T18:38:10.492] [WARN] warn - { ruta: '/assets/iconCel.ico', metodo: 'GET' }
[2022-06-26T18:38:19.762] [WARN] warn - { ruta: '/assets/iconCel.ico', metodo: 'GET' }
[2022-06-26T18:41:08.149] [WARN] warn - { ruta: '/assets/iconCel.ico', metodo: 'GET' }
[2022-06-26T18:42:07.014] [WARN] warn - { ruta: '/assets/iconCel.ico', metodo: 'GET' }
[2022-06-26T18:44:24.732] [WARN] warn - { ruta: '/assets/iconCel.ico', metodo: 'GET' }
[2022-06-26T18:45:10.278] [WARN] warn - { ruta: '/assets/iconCel.ico', metodo: 'GET' }
[2022-06-26T19:07:23.217] [WARN] warn - { ruta: '/logout', metodo: 'POST' }
[2022-06-26T19:07:23.308] [WARN] warn - { ruta: '/assets/iconCel.ico', metodo: 'GET' }
[2022-06-26T19:07:23.312] [WARN] warn - { ruta: '/', metodo: 'GET' }
[2022-06-26T19:07:24.654] [WARN] warn - { ruta: '/logout', metodo: 'POST' }
[2022-06-26T19:07:24.732] [WARN] warn - { ruta: '/', metodo: 'GET' }
[2022-06-26T19:07:24.733] [WARN] warn - { ruta: '/assets/iconCel.ico', metodo: 'GET' }
[2022-06-26T19:07:27.314] [WARN] warn - { ruta: '/', metodo: 'GET' }
[2022-06-26T19:07:27.367] [WARN] warn - { ruta: '/assets/iconCel.ico', metodo: 'GET' }
[2022-06-26T19:07:27.372] [WARN] warn - { ruta: '/', metodo: 'GET' }
[2022-06-26T19:08:42.396] [WARN] warn - { ruta: '/assets/iconCel.ico', metodo: 'GET' }
[2022-06-26T19:09:33.048] [WARN] warn - { ruta: '/assets/iconCel.ico', metodo: 'GET' }
[2022-06-26T19:10:39.252] [WARN] warn - { ruta: '/assets/iconCel.ico', metodo: 'GET' }
[2022-06-26T19:11:09.582] [WARN] warn - { ruta: '/assets/iconCel.ico', metodo: 'GET' }
[2022-06-26T19:12:23.587] [WARN] warn - { ruta: '/assets/iconCel.ico', metodo: 'GET' }
[2022-06-26T19:13:43.331] [WARN] warn - { ruta: '/assets/iconCel.ico', metodo: 'GET' }
[2022-06-28T14:29:39.296] [WARN] warn - { ruta: '/', metodo: 'GET' }
[2022-06-28T14:29:39.439] [WARN] warn - { ruta: '/assets/iconCel.ico', metodo: 'GET' }
[2022-06-28T14:29:50.501] [WARN] warn - { ruta: '/assets/iconCel.ico', metodo: 'GET' }
[2022-06-28T14:31:11.234] [WARN] warn - { ruta: '/assets/iconCel.ico', metodo: 'GET' }
[2022-06-28T14:31:52.273] [WARN] warn - { ruta: '/assets/iconCel.ico', metodo: 'GET' }
[2022-06-28T14:34:01.647] [WARN] warn - { ruta: '/assets/iconCel.ico', metodo: 'GET' }
[2022-06-28T14:34:18.304] [WARN] warn - { ruta: '/assets/iconCel.ico', metodo: 'GET' }
[2022-06-28T14:34:32.913] [WARN] warn - { ruta: '/assets/iconCel.ico', metodo: 'GET' }
[2022-06-28T14:35:15.582] [WARN] warn - { ruta: '/assets/iconCel.ico', metodo: 'GET' }
[2022-06-28T14:36:24.258] [WARN] warn - { ruta: '/assets/iconCel.ico', metodo: 'GET' }
[2022-06-28T14:36:26.529] [WARN] warn - { ruta: '/', metodo: 'GET' }
[2022-06-28T14:36:26.872] [WARN] warn - { ruta: '/assets/iconCel.ico', metodo: 'GET' }
[2022-06-28T14:36:32.647] [WARN] warn - { ruta: '/assets/iconCel.ico', metodo: 'GET' }
[2022-06-28T14:36:50.454] [WARN] warn - { ruta: '/assets/iconCel.ico', metodo: 'GET' }
[2022-06-28T14:37:42.708] [WARN] warn - { ruta: '/assets/iconCel.ico', metodo: 'GET' }
[2022-06-28T14:43:25.582] [WARN] warn - { ruta: '/', metodo: 'GET' }
[2022-06-28T14:43:25.982] [WARN] warn - { ruta: '/assets/iconCel.ico', metodo: 'GET' }
[2022-06-28T14:54:05.726] [WARN] warn - { ruta: '/api/info', metodo: 'POST' }
[2022-06-28T14:54:15.738] [WARN] warn - { ruta: '/api/info', metodo: 'POST' }
[2022-06-28T14:56:59.333] [WARN] warn - { ruta: '/', metodo: 'GET' }
[2022-06-28T14:56:59.447] [WARN] warn - { ruta: '/assets/iconCel.ico', metodo: 'GET' }
[2022-06-28T14:57:02.938] [WARN] warn - { ruta: '/', metodo: 'GET' }
[2022-06-28T14:57:03.035] [WARN] warn - { ruta: '/assets/iconCel.ico', metodo: 'GET' }
[2022-06-28T14:57:14.607] [WARN] warn - { ruta: '/', metodo: 'GET' }
[2022-06-28T14:57:14.708] [WARN] warn - { ruta: '/assets/iconCel.ico', metodo: 'GET' }
[2022-06-28T14:57:35.075] [WARN] warn - { ruta: '/', metodo: 'GET' }
[2022-06-28T14:57:35.194] [WARN] warn - { ruta: '/assets/iconCel.ico', metodo: 'GET' }
[2022-06-28T14:57:49.732] [WARN] warn - { ruta: '/assets/iconCel.ico', metodo: 'GET' }
[2022-06-28T14:58:27.375] [WARN] warn - { ruta: '/login', metodo: 'GET' }
[2022-06-28T14:58:27.684] [WARN] warn - { ruta: '/assets/iconCel.ico', metodo: 'GET' }
[2022-06-28T14:59:15.947] [WARN] warn - { ruta: '/login', metodo: 'GET' }
[2022-06-28T14:59:16.296] [WARN] warn - { ruta: '/assets/iconCel.ico', metodo: 'GET' }
[2022-06-28T17:27:00.083] [WARN] warn - { ruta: '/login', metodo: 'GET' }
[2022-06-28T17:27:00.193] [WARN] warn - { ruta: '/assets/iconCel.ico', metodo: 'GET' }
[2022-06-28T17:27:02.150] [WARN] warn - { ruta: '/assets/iconCel.ico', metodo: 'GET' }
[2022-06-28T17:29:07.679] [WARN] warn - { ruta: '/', metodo: 'GET' }
[2022-06-28T17:29:07.807] [WARN] warn - { ruta: '/assets/iconCel.ico', metodo: 'GET' }
[2022-06-28T17:31:18.943] [WARN] warn - { ruta: '/assets/iconCel.ico', metodo: 'GET' }
[2022-06-28T17:31:52.557] [WARN] warn - { ruta: '/images_users/', metodo: 'GET' }
[2022-06-28T17:31:53.248] [WARN] warn - { ruta: '/assets/iconCel.ico', metodo: 'GET' }
[2022-06-28T17:38:20.571] [WARN] warn - { ruta: '/logout', metodo: 'POST' }
[2022-06-28T17:38:21.498] [WARN] warn - { ruta: '/assets/iconCel.ico', metodo: 'GET' }
[2022-06-28T17:38:22.963] [WARN] warn - { ruta: '/assets/iconCel.ico', metodo: 'GET' }
[2022-06-28T17:38:39.767] [WARN] warn - { ruta: '/images_users/', metodo: 'GET' }
[2022-06-28T17:38:40.245] [WARN] warn - { ruta: '/assets/iconCel.ico', metodo: 'GET' }
[2022-06-28T17:40:41.613] [WARN] warn - { ruta: '/', metodo: 'GET' }
[2022-06-28T17:40:42.704] [WARN] warn - { ruta: '/assets/iconCel.ico', metodo: 'GET' }
[2022-06-28T17:40:48.962] [WARN] warn - { ruta: '/assets/iconCel.ico', metodo: 'GET' }
[2022-06-28T17:41:02.816] [WARN] warn - { ruta: '/images_users/', metodo: 'GET' }
[2022-06-28T17:41:03.293] [WARN] warn - { ruta: '/assets/iconCel.ico', metodo: 'GET' }
[2022-06-28T17:42:50.896] [WARN] warn - { ruta: '/', metodo: 'GET' }
[2022-06-28T17:42:51.818] [WARN] warn - { ruta: '/assets/iconCel.ico', metodo: 'GET' }
[2022-06-28T17:42:54.724] [WARN] warn - { ruta: '/assets/iconCel.ico', metodo: 'GET' }
[2022-06-28T17:43:13.370] [WARN] warn - { ruta: '/login', metodo: 'GET' }
[2022-06-28T17:43:13.679] [WARN] warn - { ruta: '/assets/iconCel.ico', metodo: 'GET' }
[2022-06-28T17:43:22.758] [WARN] warn - { ruta: '/assets/iconCel.ico', metodo: 'GET' }
[2022-06-28T17:45:28.256] [WARN] warn - { ruta: '/', metodo: 'GET' }
[2022-06-28T17:45:29.134] [WARN] warn - { ruta: '/assets/iconCel.ico', metodo: 'GET' }
[2022-06-28T17:45:30.462] [WARN] warn - { ruta: '/assets/iconCel.ico', metodo: 'GET' }
[2022-06-28T17:45:45.389] [WARN] warn - { ruta: '/assets/iconCel.ico', metodo: 'GET' }
[2022-06-28T17:47:32.953] [WARN] warn - { ruta: '/', metodo: 'GET' }
[2022-06-28T17:47:33.962] [WARN] warn - { ruta: '/assets/iconCel.ico', metodo: 'GET' }
[2022-06-28T17:47:35.482] [WARN] warn - { ruta: '/assets/iconCel.ico', metodo: 'GET' }
[2022-06-28T17:47:52.265] [WARN] warn - { ruta: '/login', metodo: 'GET' }
[2022-06-28T17:47:52.569] [WARN] warn - { ruta: '/assets/iconCel.ico', metodo: 'GET' }
[2022-06-28T17:48:35.154] [WARN] warn - { ruta: '/assets/iconCel.ico', metodo: 'GET' }
[2022-06-28T17:49:49.560] [WARN] warn - { ruta: '/', metodo: 'GET' }
[2022-06-28T17:49:49.903] [WARN] warn - { ruta: '/assets/iconCel.ico', metodo: 'GET' }
[2022-06-28T17:56:00.973] [WARN] warn - { ruta: '/login', metodo: 'GET' }
[2022-06-28T17:56:02.054] [WARN] warn - { ruta: '/assets/iconCel.ico', metodo: 'GET' }
[2022-06-28T17:56:16.853] [WARN] warn - { ruta: '/assets/iconCel.ico', metodo: 'GET' }
[2022-06-28T17:56:34.009] [WARN] warn - { ruta: '/login', metodo: 'GET' }
[2022-06-28T17:56:34.340] [WARN] warn - { ruta: '/assets/iconCel.ico', metodo: 'GET' }
[2022-06-28T17:56:54.921] [WARN] warn - { ruta: '/assets/iconCel.ico', metodo: 'GET' }
[2022-06-28T17:57:23.047] [WARN] warn - { ruta: '/', metodo: 'GET' }
[2022-06-28T17:57:23.404] [WARN] warn - { ruta: '/assets/iconCel.ico', metodo: 'GET' }
[2022-06-28T17:57:28.119] [WARN] warn - { ruta: '/images_users/', metodo: 'GET' }
[2022-06-28T17:57:28.334] [WARN] warn - { ruta: '/assets/iconCel.ico', metodo: 'GET' }
[2022-06-28T17:59:22.774] [WARN] warn - { ruta: '/', metodo: 'GET' }
[2022-06-28T17:59:23.652] [WARN] warn - { ruta: '/assets/iconCel.ico', metodo: 'GET' }
[2022-06-28T17:59:27.972] [WARN] warn - { ruta: '/login', metodo: 'GET' }
[2022-06-28T17:59:28.597] [WARN] warn - { ruta: '/assets/iconCel.ico', metodo: 'GET' }
[2022-06-28T17:59:34.243] [WARN] warn - { ruta: '/images_users/', metodo: 'GET' }
[2022-06-28T17:59:34.750] [WARN] warn - { ruta: '/assets/iconCel.ico', metodo: 'GET' }
[2022-06-28T17:59:37.527] [WARN] warn - { ruta: '/login', metodo: 'GET' }
[2022-06-28T17:59:37.846] [WARN] warn - { ruta: '/assets/iconCel.ico', metodo: 'GET' }
[2022-06-28T17:59:42.080] [WARN] warn - { ruta: '/images_users/', metodo: 'GET' }
[2022-06-28T17:59:42.379] [WARN] warn - { ruta: '/assets/iconCel.ico', metodo: 'GET' }
[2022-06-28T17:59:47.529] [WARN] warn - { ruta: '/', metodo: 'GET' }
[2022-06-28T17:59:47.849] [WARN] warn - { ruta: '/assets/iconCel.ico', metodo: 'GET' }
[2022-06-28T18:00:40.623] [WARN] warn - { ruta: '/images_users/', metodo: 'GET' }
[2022-06-28T18:00:40.830] [WARN] warn - { ruta: '/assets/iconCel.ico', metodo: 'GET' }
[2022-06-28T18:01:13.886] [WARN] warn - { ruta: '/images_users/', metodo: 'GET' }
[2022-06-28T18:01:14.904] [WARN] warn - { ruta: '/assets/iconCel.ico', metodo: 'GET' }
[2022-06-28T18:02:45.766] [WARN] warn - { ruta: '/', metodo: 'GET' }
[2022-06-28T18:02:46.670] [WARN] warn - { ruta: '/assets/iconCel.ico', metodo: 'GET' }
[2022-06-28T18:02:52.857] [WARN] warn - { ruta: '/assets/iconCel.ico', metodo: 'GET' }
[2022-06-28T18:03:03.257] [WARN] warn - { ruta: '/', metodo: 'GET' }
[2022-06-28T18:03:03.597] [WARN] warn - { ruta: '/assets/iconCel.ico', metodo: 'GET' }
[2022-06-28T18:03:08.237] [WARN] warn - { ruta: '/assets/iconCel.ico', metodo: 'GET' }
[2022-06-28T18:25:53.199] [WARN] warn - { ruta: '/login', metodo: 'GET' }
[2022-06-28T18:25:53.306] [WARN] warn - { ruta: '/assets/iconCel.ico', metodo: 'GET' }
[2022-06-28T18:28:47.756] [WARN] warn - { ruta: '/assets/iconCel.ico', metodo: 'GET' }
[2022-06-28T18:29:09.594] [WARN] warn - { ruta: '/assets/iconCel.ico', metodo: 'GET' }
[2022-06-28T18:33:28.871] [WARN] warn - { ruta: '/', metodo: 'GET' }
[2022-06-28T18:33:30.254] [WARN] warn - { ruta: '/assets/iconCel.ico', metodo: 'GET' }
[2022-06-28T18:34:35.889] [WARN] warn - { ruta: '/', metodo: 'GET' }
[2022-06-28T18:34:37.861] [WARN] warn - { ruta: '/assets/iconCel.ico', metodo: 'GET' }
[2022-06-28T18:34:38.729] [WARN] warn - { ruta: '/assets/iconCel.ico', metodo: 'GET' }
[2022-06-28T18:35:02.832] [WARN] warn - { ruta: '/login', metodo: 'GET' }
[2022-06-28T18:35:03.652] [WARN] warn - { ruta: '/assets/iconCel.ico', metodo: 'GET' }
[2022-06-28T18:50:37.096] [WARN] warn - { ruta: '/login', metodo: 'GET' }
[2022-06-28T18:50:37.191] [WARN] warn - { ruta: '/assets/iconCel.ico', metodo: 'GET' }
[2022-06-28T18:50:50.667] [WARN] warn - { ruta: '/assets/iconCel.ico', metodo: 'GET' }
[2022-06-28T18:51:43.343] [WARN] warn - { ruta: '/assets/iconCel.ico', metodo: 'GET' }
[2022-06-28T20:06:42.378] [WARN] warn - { ruta: '/login', metodo: 'GET' }
[2022-06-28T20:06:42.505] [WARN] warn - { ruta: '/assets/iconCel.ico', metodo: 'GET' }
[2022-06-28T20:07:45.793] [WARN] warn - { ruta: '/login', metodo: 'GET' }
[2022-06-28T20:07:45.908] [WARN] warn - { ruta: '/assets/iconCel.ico', metodo: 'GET' }
[2022-06-28T20:08:05.499] [WARN] warn - { ruta: '/assets/iconCel.ico', metodo: 'GET' }
[2022-06-28T20:57:14.409] [WARN] warn - { ruta: '/logout', metodo: 'POST' }
[2022-06-28T20:57:14.509] [WARN] warn - { ruta: '/assets/iconCel.ico', metodo: 'GET' }
[2022-06-28T20:57:16.284] [WARN] warn - { ruta: '/logout', metodo: 'POST' }
[2022-06-28T20:57:16.404] [WARN] warn - { ruta: '/assets/iconCel.ico', metodo: 'GET' }
[2022-06-28T20:57:24.205] [WARN] warn - { ruta: '/images_users/FotoUsuario_1656266741180.jpg', metodo: 'GET' }
[2022-06-28T20:57:24.906] [WARN] warn - { ruta: '/assets/iconCel.ico', metodo: 'GET' }
[2022-06-28T20:58:34.384] [WARN] warn - { ruta: '/', metodo: 'GET' }
[2022-06-28T20:58:36.287] [WARN] warn - { ruta: '/assets/iconCel.ico', metodo: 'GET' }
[2022-06-28T20:58:49.666] [WARN] warn - { ruta: '/assets/iconCel.ico', metodo: 'GET' }
[2022-06-28T20:59:19.047] [WARN] warn - { ruta: '/', metodo: 'GET' }
[2022-06-28T20:59:20.153] [WARN] warn - { ruta: '/assets/iconCel.ico', metodo: 'GET' }
[2022-06-28T20:59:25.596] [WARN] warn - { ruta: '/login', metodo: 'GET' }
[2022-06-28T20:59:25.883] [WARN] warn - { ruta: '/assets/iconCel.ico', metodo: 'GET' }
[2022-06-28T20:59:31.131] [WARN] warn - { ruta: '/assets/iconCel.ico', metodo: 'GET' }
[2022-06-28T21:00:05.310] [WARN] warn - { ruta: '/assets/iconCel.ico', metodo: 'GET' }
[2022-06-28T21:01:37.094] [WARN] warn - { ruta: '/assets/iconCel.ico', metodo: 'GET' }
[2022-06-28T21:06:16.390] [WARN] warn - { ruta: '/', metodo: 'GET' }
[2022-06-28T21:06:17.132] [WARN] warn - { ruta: '/assets/iconCel.ico', metodo: 'GET' }
[2022-06-28T21:06:42.288] [WARN] warn - { ruta: '/login', metodo: 'GET' }
[2022-06-28T21:06:42.870] [WARN] warn - { ruta: '/assets/iconCel.ico', metodo: 'GET' }
[2022-06-28T21:06:48.002] [WARN] warn - { ruta: '/assets/iconCel.ico', metodo: 'GET' }
[2022-06-28T21:07:24.563] [WARN] warn - { ruta: '/assets/iconCel.ico', metodo: 'GET' }
[2022-06-28T21:09:37.105] [WARN] warn - { ruta: '/assets/iconCel.ico', metodo: 'GET' }
[2022-06-28T21:10:17.762] [WARN] warn - { ruta: '/assets/iconCel.ico', metodo: 'GET' }
[2022-06-28T21:11:56.309] [WARN] warn - { ruta: '/assets/iconCel.ico', metodo: 'GET' }
[2022-06-28T21:13:22.797] [WARN] warn - { ruta: '/assets/iconCel.ico', metodo: 'GET' }
[2022-06-28T21:14:18.581] [WARN] warn - { ruta: '/assets/iconCel.ico', metodo: 'GET' }
[2022-06-28T21:14:32.312] [WARN] warn - { ruta: '/assets/iconCel.ico', metodo: 'GET' }
[2022-06-28T21:15:20.895] [WARN] warn - { ruta: '/assets/iconCel.ico', metodo: 'GET' }
[2022-06-28T21:16:22.321] [WARN] warn - { ruta: '/assets/iconCel.ico', metodo: 'GET' }
[2022-06-28T21:16:29.972] [WARN] warn - { ruta: '/assets/iconCel.ico', metodo: 'GET' }
[2022-06-28T21:16:43.880] [WARN] warn - { ruta: '/login', metodo: 'GET' }
[2022-06-28T21:16:44.012] [WARN] warn - { ruta: '/assets/iconCel.ico', metodo: 'GET' }
[2022-06-28T21:16:51.672] [WARN] warn - { ruta: '/assets/iconCel.ico', metodo: 'GET' }
[2022-06-28T21:17:23.253] [WARN] warn - { ruta: '/assets/iconCel.ico', metodo: 'GET' }
[2022-06-28T21:18:00.375] [WARN] warn - { ruta: '/assets/iconCel.ico', metodo: 'GET' }
[2022-06-28T21:18:08.070] [WARN] warn - { ruta: '/assets/iconCel.ico', metodo: 'GET' }
[2022-06-28T21:18:49.046] [WARN] warn - { ruta: '/assets/iconCel.ico', metodo: 'GET' }
[2022-06-28T21:19:03.125] [WARN] warn - { ruta: '/assets/iconCel.ico', metodo: 'GET' }
[2022-06-28T21:19:36.314] [WARN] warn - { ruta: '/assets/iconCel.ico', metodo: 'GET' }
[2022-06-28T21:38:23.828] [WARN] warn - { ruta: '/login', metodo: 'GET' }
[2022-06-28T21:38:23.921] [WARN] warn - { ruta: '/assets/iconCel.ico', metodo: 'GET' }
[2022-06-28T21:38:30.933] [WARN] warn - { ruta: '/assets/iconCel.ico', metodo: 'GET' }
[2022-06-28T21:40:30.433] [WARN] warn - { ruta: '/assets/iconCel.ico', metodo: 'GET' }
[2022-06-28T21:40:54.305] [WARN] warn - { ruta: '/assets/iconCel.ico', metodo: 'GET' }
[2022-06-28T21:51:21.678] [WARN] warn - { ruta: '/login', metodo: 'GET' }
[2022-06-28T21:51:21.762] [WARN] warn - { ruta: '/assets/iconCel.ico', metodo: 'GET' }
[2022-06-28T21:51:30.057] [WARN] warn - { ruta: '/assets/iconCel.ico', metodo: 'GET' }
[2022-06-28T21:52:30.408] [WARN] warn - { ruta: '/assets/iconCel.ico', metodo: 'GET' }
[2022-06-28T21:54:28.753] [WARN] warn - { ruta: '/assets/iconCel.ico', metodo: 'GET' }
[2022-06-28T21:55:26.311] [WARN] warn - { ruta: '/assets/iconCel.ico', metodo: 'GET' }
[2022-06-28T22:13:22.236] [WARN] warn - { ruta: '/login', metodo: 'GET' }
[2022-06-28T22:13:22.338] [WARN] warn - { ruta: '/assets/iconCel.ico', metodo: 'GET' }
[2022-06-28T22:13:29.361] [WARN] warn - { ruta: '/assets/iconCel.ico', metodo: 'GET' }
[2022-06-28T22:15:20.887] [WARN] warn - { ruta: '/assets/iconCel.ico', metodo: 'GET' }
[2022-06-28T22:15:39.364] [WARN] warn - { ruta: '/assets/iconCel.ico', metodo: 'GET' }
[2022-06-28T22:16:24.145] [WARN] warn - { ruta: '/assets/iconCel.ico', metodo: 'GET' }
[2022-06-28T22:24:57.817] [WARN] warn - { ruta: '/login', metodo: 'GET' }
[2022-06-28T22:24:57.900] [WARN] warn - { ruta: '/assets/iconCel.ico', metodo: 'GET' }
[2022-06-28T22:25:05.291] [WARN] warn - { ruta: '/assets/iconCel.ico', metodo: 'GET' }
[2022-06-28T22:27:18.221] [WARN] warn - { ruta: '/assets/iconCel.ico', metodo: 'GET' }
[2022-06-28T22:30:59.613] [WARN] warn - { ruta: '/assets/iconCel.ico', metodo: 'GET' }
[2022-06-28T22:31:18.076] [WARN] warn - { ruta: '/', metodo: 'GET' }
[2022-06-28T22:31:18.604] [WARN] warn - { ruta: '/assets/iconCel.ico', metodo: 'GET' }
[2022-06-28T22:31:23.655] [WARN] warn - { ruta: '/images_users/FotoUsuario_1656266741180.jpg', metodo: 'GET' }
[2022-06-28T22:31:24.099] [WARN] warn - { ruta: '/assets/iconCel.ico', metodo: 'GET' }
[2022-06-28T22:32:12.313] [WARN] warn - { ruta: '/', metodo: 'GET' }
[2022-06-28T22:32:12.668] [WARN] warn - { ruta: '/assets/iconCel.ico', metodo: 'GET' }
[2022-06-28T22:32:18.637] [WARN] warn - { ruta: '/assets/iconCel.ico', metodo: 'GET' }
[2022-06-28T22:33:12.741] [WARN] warn - { ruta: '/login', metodo: 'GET' }
[2022-06-28T22:33:13.037] [WARN] warn - { ruta: '/assets/iconCel.ico', metodo: 'GET' }
[2022-06-28T22:33:17.916] [WARN] warn - { ruta: '/assets/iconCel.ico', metodo: 'GET' }
[2022-06-28T22:45:24.132] [WARN] warn - { ruta: '/login', metodo: 'GET' }
[2022-06-28T22:45:24.228] [WARN] warn - { ruta: '/assets/iconCel.ico', metodo: 'GET' }
[2022-06-28T22:45:30.909] [WARN] warn - { ruta: '/assets/iconCel.ico', metodo: 'GET' }
[2022-06-28T22:46:03.048] [WARN] warn - { ruta: '/assets/iconCel.ico', metodo: 'GET' }
[2022-06-28T22:46:45.988] [WARN] warn - { ruta: '/assets/iconCel.ico', metodo: 'GET' }
[2022-06-30T08:55:22.375] [WARN] warn - { ruta: '/', metodo: 'GET' }
[2022-06-30T08:55:22.485] [WARN] warn - { ruta: '/assets/iconCel.ico', metodo: 'GET' }
[2022-06-30T08:55:53.824] [WARN] warn - { ruta: '/assets/iconCel.ico', metodo: 'GET' }
[2022-06-30T08:56:51.428] [WARN] warn - { ruta: '/', metodo: 'GET' }
[2022-06-30T08:56:52.301] [WARN] warn - { ruta: '/assets/iconCel.ico', metodo: 'GET' }
[2022-06-30T08:56:54.480] [WARN] warn - { ruta: '/', metodo: 'GET' }
[2022-06-30T08:56:55.105] [WARN] warn - { ruta: '/assets/iconCel.ico', metodo: 'GET' }
[2022-06-30T08:57:01.585] [WARN] warn - { ruta: '/assets/iconCel.ico', metodo: 'GET' }
[2022-06-30T08:57:04.765] [WARN] warn - { ruta: '/', metodo: 'GET' }
[2022-06-30T08:57:05.082] [WARN] warn - { ruta: '/assets/iconCel.ico', metodo: 'GET' }
[2022-06-30T08:57:06.484] [WARN] warn - { ruta: '/assets/iconCel.ico', metodo: 'GET' }
[2022-06-30T08:57:11.201] [WARN] warn - { ruta: '/login', metodo: 'GET' }
[2022-06-30T08:57:11.557] [WARN] warn - { ruta: '/assets/iconCel.ico', metodo: 'GET' }
[2022-06-30T08:58:22.011] [WARN] warn - { ruta: '/', metodo: 'GET' }
[2022-06-30T08:58:22.360] [WARN] warn - { ruta: '/login', metodo: 'GET' }
[2022-06-30T08:58:22.505] [WARN] warn - { ruta: '/login', metodo: 'GET' }
[2022-06-30T08:58:22.562] [WARN] warn - { ruta: '/login', metodo: 'GET' }
[2022-06-30T08:58:23.545] [WARN] warn - { ruta: '/login', metodo: 'GET' }
[2022-06-30T08:58:23.750] [WARN] warn - { ruta: '/login', metodo: 'GET' }
[2022-06-30T08:58:23.955] [WARN] warn - { ruta: '/login', metodo: 'GET' }
[2022-06-30T08:58:24.160] [WARN] warn - { ruta: '/login', metodo: 'GET' }
[2022-06-30T08:58:24.365] [WARN] warn - { ruta: '/login', metodo: 'GET' }
[2022-06-30T08:58:24.571] [WARN] warn - { ruta: '/login', metodo: 'GET' }
[2022-06-30T08:58:24.712] [WARN] warn - { ruta: '/login', metodo: 'GET' }
[2022-06-30T08:58:24.877] [WARN] warn - { ruta: '/login', metodo: 'GET' }
[2022-06-30T08:58:25.081] [WARN] warn - { ruta: '/login', metodo: 'GET' }
[2022-06-30T08:58:25.224] [WARN] warn - { ruta: '/login', metodo: 'GET' }
[2022-06-30T08:58:25.369] [WARN] warn - { ruta: '/login', metodo: 'GET' }
[2022-06-30T08:58:25.511] [WARN] warn - { ruta: '/login', metodo: 'GET' }
[2022-06-30T08:58:25.696] [WARN] warn - { ruta: '/login', metodo: 'GET' }
[2022-06-30T08:58:25.902] [WARN] warn - { ruta: '/login', metodo: 'GET' }
[2022-06-30T08:58:26.042] [WARN] warn - { ruta: '/login', metodo: 'GET' }
[2022-06-30T08:58:26.207] [WARN] warn - { ruta: '/login', metodo: 'GET' }
[2022-06-30T08:58:27.372] [WARN] warn - { ruta: '/login', metodo: 'GET' }
[2022-06-30T08:58:27.538] [WARN] warn - { ruta: '/login', metodo: 'GET' }
[2022-06-30T08:58:27.686] [WARN] warn - { ruta: '/login', metodo: 'GET' }
[2022-06-30T08:58:27.827] [WARN] warn - { ruta: '/login', metodo: 'GET' }
[2022-06-30T08:58:28.041] [WARN] warn - { ruta: '/login', metodo: 'GET' }
[2022-06-30T08:58:28.180] [WARN] warn - { ruta: '/login', metodo: 'GET' }
[2022-06-30T08:58:28.323] [WARN] warn - { ruta: '/login', metodo: 'GET' }
[2022-06-30T08:58:28.465] [WARN] warn - { ruta: '/login', metodo: 'GET' }
[2022-06-30T08:58:28.615] [WARN] warn - { ruta: '/login', metodo: 'GET' }
[2022-06-30T08:58:28.758] [WARN] warn - { ruta: '/login', metodo: 'GET' }
[2022-06-30T08:58:28.903] [WARN] warn - { ruta: '/login', metodo: 'GET' }
[2022-06-30T08:58:29.046] [WARN] warn - { ruta: '/login', metodo: 'GET' }
[2022-06-30T08:58:29.237] [WARN] warn - { ruta: '/login', metodo: 'GET' }
[2022-06-30T08:58:29.485] [WARN] warn - { ruta: '/login', metodo: 'GET' }
[2022-06-30T08:58:29.678] [WARN] warn - { ruta: '/login', metodo: 'GET' }
[2022-06-30T08:58:29.894] [WARN] warn - { ruta: '/login', metodo: 'GET' }
[2022-06-30T08:58:30.035] [WARN] warn - { ruta: '/login', metodo: 'GET' }
[2022-06-30T08:58:30.201] [WARN] warn - { ruta: '/login', metodo: 'GET' }
[2022-06-30T08:58:30.343] [WARN] warn - { ruta: '/login', metodo: 'GET' }
[2022-06-30T08:58:30.508] [WARN] warn - { ruta: '/login', metodo: 'GET' }
[2022-06-30T08:58:35.732] [WARN] warn - { ruta: '/login', metodo: 'GET' }
[2022-06-30T08:58:35.936] [WARN] warn - { ruta: '/login', metodo: 'GET' }
[2022-06-30T08:58:36.084] [WARN] warn - { ruta: '/login', metodo: 'GET' }
[2022-06-30T08:58:36.141] [WARN] warn - { ruta: '/login', metodo: 'GET' }
[2022-06-30T08:58:36.281] [WARN] warn - { ruta: '/login', metodo: 'GET' }
[2022-06-30T08:58:36.449] [WARN] warn - { ruta: '/login', metodo: 'GET' }
[2022-06-30T08:58:36.652] [WARN] warn - { ruta: '/login', metodo: 'GET' }
[2022-06-30T08:58:36.857] [WARN] warn - { ruta: '/login', metodo: 'GET' }
[2022-06-30T08:58:36.998] [WARN] warn - { ruta: '/login', metodo: 'GET' }
[2022-06-30T08:58:37.164] [WARN] warn - { ruta: '/login', metodo: 'GET' }
[2022-06-30T08:58:37.305] [WARN] warn - { ruta: '/login', metodo: 'GET' }
[2022-06-30T08:58:37.471] [WARN] warn - { ruta: '/login', metodo: 'GET' }
[2022-06-30T08:58:37.613] [WARN] warn - { ruta: '/login', metodo: 'GET' }
[2022-06-30T08:58:37.659] [WARN] warn - { ruta: '/login', metodo: 'GET' }
[2022-06-30T08:58:37.799] [WARN] warn - { ruta: '/login', metodo: 'GET' }
[2022-06-30T08:58:37.983] [WARN] warn - { ruta: '/login', metodo: 'GET' }
[2022-06-30T08:58:38.188] [WARN] warn - { ruta: '/login', metodo: 'GET' }
[2022-06-30T08:58:38.329] [WARN] warn - { ruta: '/login', metodo: 'GET' }
[2022-06-30T08:58:38.470] [WARN] warn - { ruta: '/login', metodo: 'GET' }
[2022-06-30T08:58:38.615] [WARN] warn - { ruta: '/login', metodo: 'GET' }
[2022-06-30T08:59:08.912] [WARN] warn - { ruta: '/login', metodo: 'GET' }
[2022-06-30T08:59:10.504] [WARN] warn - { ruta: '/login', metodo: 'GET' }
[2022-06-30T08:59:10.756] [WARN] warn - { ruta: '/login', metodo: 'GET' }
[2022-06-30T08:59:11.062] [WARN] warn - { ruta: '/login', metodo: 'GET' }
[2022-06-30T08:59:11.298] [WARN] warn - { ruta: '/login', metodo: 'GET' }
[2022-06-30T08:59:11.573] [WARN] warn - { ruta: '/login', metodo: 'GET' }
[2022-06-30T08:59:11.804] [WARN] warn - { ruta: '/login', metodo: 'GET' }
[2022-06-30T08:59:12.085] [WARN] warn - { ruta: '/login', metodo: 'GET' }
[2022-06-30T08:59:12.311] [WARN] warn - { ruta: '/login', metodo: 'GET' }
[2022-06-30T08:59:12.598] [WARN] warn - { ruta: '/login', metodo: 'GET' }
[2022-06-30T08:59:12.906] [WARN] warn - { ruta: '/login', metodo: 'GET' }
[2022-06-30T08:59:13.211] [WARN] warn - { ruta: '/login', metodo: 'GET' }
[2022-06-30T08:59:13.442] [WARN] warn - { ruta: '/login', metodo: 'GET' }
[2022-06-30T08:59:13.676] [WARN] warn - { ruta: '/login', metodo: 'GET' }
[2022-06-30T08:59:13.907] [WARN] warn - { ruta: '/login', metodo: 'GET' }
[2022-06-30T08:59:14.240] [WARN] warn - { ruta: '/login', metodo: 'GET' }
[2022-06-30T08:59:14.543] [WARN] warn - { ruta: '/login', metodo: 'GET' }
[2022-06-30T08:59:14.824] [WARN] warn - { ruta: '/login', metodo: 'GET' }
[2022-06-30T08:59:15.059] [WARN] warn - { ruta: '/login', metodo: 'GET' }
[2022-06-30T08:59:15.362] [WARN] warn - { ruta: '/login', metodo: 'GET' }
[2022-06-30T08:59:48.031] [WARN] warn - { ruta: '/', metodo: 'GET' }
[2022-06-30T08:59:49.155] [WARN] warn - { ruta: '/login', metodo: 'GET' }
[2022-06-30T08:59:49.386] [WARN] warn - { ruta: '/login', metodo: 'GET' }
[2022-06-30T08:59:49.565] [WARN] warn - { ruta: '/login', metodo: 'GET' }
[2022-06-30T08:59:50.487] [WARN] warn - { ruta: '/login', metodo: 'GET' }
[2022-06-30T08:59:50.693] [WARN] warn - { ruta: '/login', metodo: 'GET' }
[2022-06-30T08:59:50.896] [WARN] warn - { ruta: '/login', metodo: 'GET' }
[2022-06-30T08:59:51.102] [WARN] warn - { ruta: '/login', metodo: 'GET' }
[2022-06-30T08:59:51.246] [WARN] warn - { ruta: '/login', metodo: 'GET' }
[2022-06-30T08:59:51.383] [WARN] warn - { ruta: '/login', metodo: 'GET' }
[2022-06-30T08:59:51.614] [WARN] warn - { ruta: '/login', metodo: 'GET' }
[2022-06-30T08:59:51.819] [WARN] warn - { ruta: '/login', metodo: 'GET' }
[2022-06-30T08:59:51.962] [WARN] warn - { ruta: '/login', metodo: 'GET' }
[2022-06-30T08:59:52.107] [WARN] warn - { ruta: '/login', metodo: 'GET' }
[2022-06-30T08:59:52.264] [WARN] warn - { ruta: '/login', metodo: 'GET' }
[2022-06-30T08:59:52.431] [WARN] warn - { ruta: '/login', metodo: 'GET' }
[2022-06-30T08:59:52.621] [WARN] warn - { ruta: '/login', metodo: 'GET' }
[2022-06-30T08:59:52.804] [WARN] warn - { ruta: '/login', metodo: 'GET' }
[2022-06-30T08:59:52.984] [WARN] warn - { ruta: '/login', metodo: 'GET' }
[2022-06-30T08:59:53.125] [WARN] warn - { ruta: '/login', metodo: 'GET' }
[2022-06-30T08:59:54.274] [WARN] warn - { ruta: '/login', metodo: 'GET' }
[2022-06-30T08:59:54.414] [WARN] warn - { ruta: '/login', metodo: 'GET' }
[2022-06-30T08:59:54.552] [WARN] warn - { ruta: '/login', metodo: 'GET' }
[2022-06-30T08:59:54.782] [WARN] warn - { ruta: '/login', metodo: 'GET' }
[2022-06-30T08:59:54.990] [WARN] warn - { ruta: '/login', metodo: 'GET' }
[2022-06-30T08:59:55.137] [WARN] warn - { ruta: '/login', metodo: 'GET' }
[2022-06-30T08:59:55.300] [WARN] warn - { ruta: '/login', metodo: 'GET' }
[2022-06-30T08:59:55.505] [WARN] warn - { ruta: '/login', metodo: 'GET' }
[2022-06-30T08:59:55.710] [WARN] warn - { ruta: '/login', metodo: 'GET' }
[2022-06-30T08:59:55.849] [WARN] warn - { ruta: '/login', metodo: 'GET' }
[2022-06-30T08:59:55.982] [WARN] warn - { ruta: '/login', metodo: 'GET' }
[2022-06-30T08:59:56.220] [WARN] warn - { ruta: '/login', metodo: 'GET' }
[2022-06-30T08:59:56.354] [WARN] warn - { ruta: '/login', metodo: 'GET' }
[2022-06-30T08:59:56.582] [WARN] warn - { ruta: '/login', metodo: 'GET' }
[2022-06-30T08:59:56.733] [WARN] warn - { ruta: '/login', metodo: 'GET' }
[2022-06-30T08:59:56.882] [WARN] warn - { ruta: '/login', metodo: 'GET' }
[2022-06-30T08:59:57.028] [WARN] warn - { ruta: '/login', metodo: 'GET' }
[2022-06-30T08:59:57.174] [WARN] warn - { ruta: '/login', metodo: 'GET' }
[2022-06-30T08:59:57.315] [WARN] warn - { ruta: '/login', metodo: 'GET' }
[2022-06-30T08:59:57.545] [WARN] warn - { ruta: '/login', metodo: 'GET' }
[2022-06-30T09:00:02.776] [WARN] warn - { ruta: '/login', metodo: 'GET' }
[2022-06-30T09:00:02.985] [WARN] warn - { ruta: '/login', metodo: 'GET' }
[2022-06-30T09:00:03.133] [WARN] warn - { ruta: '/login', metodo: 'GET' }
[2022-06-30T09:00:03.280] [WARN] warn - { ruta: '/login', metodo: 'GET' }
[2022-06-30T09:00:03.491] [WARN] warn - { ruta: '/login', metodo: 'GET' }
[2022-06-30T09:00:03.696] [WARN] warn - { ruta: '/login', metodo: 'GET' }
[2022-06-30T09:00:03.903] [WARN] warn - { ruta: '/login', metodo: 'GET' }
[2022-06-30T09:00:04.044] [WARN] warn - { ruta: '/login', metodo: 'GET' }
[2022-06-30T09:00:04.188] [WARN] warn - { ruta: '/login', metodo: 'GET' }
[2022-06-30T09:00:04.324] [WARN] warn - { ruta: '/login', metodo: 'GET' }
[2022-06-30T09:00:04.379] [WARN] warn - { ruta: '/login', metodo: 'GET' }
[2022-06-30T09:00:04.519] [WARN] warn - { ruta: '/login', metodo: 'GET' }
[2022-06-30T09:00:04.695] [WARN] warn - { ruta: '/login', metodo: 'GET' }
[2022-06-30T09:00:04.837] [WARN] warn - { ruta: '/login', metodo: 'GET' }
[2022-06-30T09:00:04.890] [WARN] warn - { ruta: '/login', metodo: 'GET' }
[2022-06-30T09:00:05.031] [WARN] warn - { ruta: '/login', metodo: 'GET' }
[2022-06-30T09:00:05.172] [WARN] warn - { ruta: '/login', metodo: 'GET' }
[2022-06-30T09:00:05.309] [WARN] warn - { ruta: '/login', metodo: 'GET' }
[2022-06-30T09:00:05.540] [WARN] warn - { ruta: '/login', metodo: 'GET' }
[2022-06-30T09:00:05.744] [WARN] warn - { ruta: '/login', metodo: 'GET' }
[2022-06-30T09:00:35.814] [WARN] warn - { ruta: '/login', metodo: 'GET' }
[2022-06-30T09:00:36.144] [WARN] warn - { ruta: '/login', metodo: 'GET' }
[2022-06-30T09:00:36.200] [WARN] warn - { ruta: '/login', metodo: 'GET' }
[2022-06-30T09:00:36.253] [WARN] warn - { ruta: '/login', metodo: 'GET' }
[2022-06-30T09:00:36.308] [WARN] warn - { ruta: '/login', metodo: 'GET' }
[2022-06-30T09:00:36.364] [WARN] warn - { ruta: '/login', metodo: 'GET' }
[2022-06-30T09:00:36.418] [WARN] warn - { ruta: '/login', metodo: 'GET' }
[2022-06-30T09:00:36.470] [WARN] warn - { ruta: '/login', metodo: 'GET' }
[2022-06-30T09:00:36.529] [WARN] warn - { ruta: '/login', metodo: 'GET' }
[2022-06-30T09:00:36.582] [WARN] warn - { ruta: '/login', metodo: 'GET' }
[2022-06-30T09:00:36.633] [WARN] warn - { ruta: '/login', metodo: 'GET' }
[2022-06-30T09:00:36.678] [WARN] warn - { ruta: '/login', metodo: 'GET' }
[2022-06-30T09:00:36.731] [WARN] warn - { ruta: '/login', metodo: 'GET' }
[2022-06-30T09:00:36.785] [WARN] warn - { ruta: '/login', metodo: 'GET' }
[2022-06-30T09:00:36.838] [WARN] warn - { ruta: '/login', metodo: 'GET' }
[2022-06-30T09:00:36.884] [WARN] warn - { ruta: '/login', metodo: 'GET' }
[2022-06-30T09:00:37.225] [WARN] warn - { ruta: '/login', metodo: 'GET' }
[2022-06-30T09:00:37.276] [WARN] warn - { ruta: '/login', metodo: 'GET' }
[2022-06-30T09:00:37.330] [WARN] warn - { ruta: '/login', metodo: 'GET' }
[2022-06-30T09:00:37.385] [WARN] warn - { ruta: '/login', metodo: 'GET' }
[2022-06-30T09:00:39.537] [WARN] warn - { ruta: '/', metodo: 'GET' }
[2022-06-30T09:00:39.588] [WARN] warn - { ruta: '/login', metodo: 'GET' }
[2022-06-30T09:00:39.639] [WARN] warn - { ruta: '/login', metodo: 'GET' }
[2022-06-30T09:00:39.695] [WARN] warn - { ruta: '/login', metodo: 'GET' }
[2022-06-30T09:00:39.747] [WARN] warn - { ruta: '/login', metodo: 'GET' }
[2022-06-30T09:00:39.803] [WARN] warn - { ruta: '/login', metodo: 'GET' }
[2022-06-30T09:00:39.853] [WARN] warn - { ruta: '/login', metodo: 'GET' }
[2022-06-30T09:00:39.906] [WARN] warn - { ruta: '/login', metodo: 'GET' }
[2022-06-30T09:00:39.961] [WARN] warn - { ruta: '/login', metodo: 'GET' }
[2022-06-30T09:00:40.014] [WARN] warn - { ruta: '/login', metodo: 'GET' }
[2022-06-30T09:00:40.064] [WARN] warn - { ruta: '/login', metodo: 'GET' }
[2022-06-30T09:00:40.118] [WARN] warn - { ruta: '/login', metodo: 'GET' }
[2022-06-30T09:00:40.170] [WARN] warn - { ruta: '/login', metodo: 'GET' }
[2022-06-30T09:00:40.223] [WARN] warn - { ruta: '/login', metodo: 'GET' }
[2022-06-30T09:00:40.278] [WARN] warn - { ruta: '/login', metodo: 'GET' }
[2022-06-30T09:00:40.332] [WARN] warn - { ruta: '/login', metodo: 'GET' }
[2022-06-30T09:00:40.383] [WARN] warn - { ruta: '/login', metodo: 'GET' }
[2022-06-30T09:00:40.438] [WARN] warn - { ruta: '/login', metodo: 'GET' }
[2022-06-30T09:00:40.491] [WARN] warn - { ruta: '/login', metodo: 'GET' }
[2022-06-30T09:00:40.544] [WARN] warn - { ruta: '/login', metodo: 'GET' }
[2022-06-30T09:00:41.615] [WARN] warn - { ruta: '/login', metodo: 'GET' }
[2022-06-30T09:00:41.672] [WARN] warn - { ruta: '/login', metodo: 'GET' }
[2022-06-30T09:00:41.724] [WARN] warn - { ruta: '/login', metodo: 'GET' }
[2022-06-30T09:00:41.781] [WARN] warn - { ruta: '/login', metodo: 'GET' }
[2022-06-30T09:00:41.833] [WARN] warn - { ruta: '/login', metodo: 'GET' }
[2022-06-30T09:00:41.884] [WARN] warn - { ruta: '/login', metodo: 'GET' }
[2022-06-30T09:00:41.941] [WARN] warn - { ruta: '/login', metodo: 'GET' }
[2022-06-30T09:00:41.995] [WARN] warn - { ruta: '/login', metodo: 'GET' }
[2022-06-30T09:00:42.051] [WARN] warn - { ruta: '/login', metodo: 'GET' }
[2022-06-30T09:00:42.103] [WARN] warn - { ruta: '/login', metodo: 'GET' }
[2022-06-30T09:00:42.158] [WARN] warn - { ruta: '/login', metodo: 'GET' }
[2022-06-30T09:00:42.213] [WARN] warn - { ruta: '/login', metodo: 'GET' }
[2022-06-30T09:00:42.266] [WARN] warn - { ruta: '/login', metodo: 'GET' }
[2022-06-30T09:00:42.318] [WARN] warn - { ruta: '/login', metodo: 'GET' }
[2022-06-30T09:00:42.375] [WARN] warn - { ruta: '/login', metodo: 'GET' }
[2022-06-30T09:00:42.427] [WARN] warn - { ruta: '/login', metodo: 'GET' }
[2022-06-30T09:00:42.475] [WARN] warn - { ruta: '/login', metodo: 'GET' }
[2022-06-30T09:00:42.527] [WARN] warn - { ruta: '/login', metodo: 'GET' }
[2022-06-30T09:00:42.583] [WARN] warn - { ruta: '/login', metodo: 'GET' }
[2022-06-30T09:00:42.636] [WARN] warn - { ruta: '/login', metodo: 'GET' }
[2022-06-30T09:00:47.704] [WARN] warn - { ruta: '/login', metodo: 'GET' }
[2022-06-30T09:00:47.757] [WARN] warn - { ruta: '/login', metodo: 'GET' }
[2022-06-30T09:00:47.813] [WARN] warn - { ruta: '/login', metodo: 'GET' }
[2022-06-30T09:00:47.867] [WARN] warn - { ruta: '/login', metodo: 'GET' }
[2022-06-30T09:00:47.922] [WARN] warn - { ruta: '/login', metodo: 'GET' }
[2022-06-30T09:00:47.983] [WARN] warn - { ruta: '/login', metodo: 'GET' }
[2022-06-30T09:00:48.034] [WARN] warn - { ruta: '/login', metodo: 'GET' }
[2022-06-30T09:00:48.086] [WARN] warn - { ruta: '/login', metodo: 'GET' }
[2022-06-30T09:00:48.137] [WARN] warn - { ruta: '/login', metodo: 'GET' }
[2022-06-30T09:00:48.193] [WARN] warn - { ruta: '/login', metodo: 'GET' }
[2022-06-30T09:00:48.251] [WARN] warn - { ruta: '/login', metodo: 'GET' }
[2022-06-30T09:00:48.301] [WARN] warn - { ruta: '/login', metodo: 'GET' }
[2022-06-30T09:00:48.354] [WARN] warn - { ruta: '/login', metodo: 'GET' }
[2022-06-30T09:00:48.407] [WARN] warn - { ruta: '/login', metodo: 'GET' }
[2022-06-30T09:00:48.458] [WARN] warn - { ruta: '/login', metodo: 'GET' }
[2022-06-30T09:00:48.515] [WARN] warn - { ruta: '/login', metodo: 'GET' }
[2022-06-30T09:00:48.572] [WARN] warn - { ruta: '/login', metodo: 'GET' }
[2022-06-30T09:00:48.624] [WARN] warn - { ruta: '/login', metodo: 'GET' }
[2022-06-30T09:00:48.678] [WARN] warn - { ruta: '/login', metodo: 'GET' }
[2022-06-30T09:00:48.730] [WARN] warn - { ruta: '/login', metodo: 'GET' }
[2022-06-30T09:01:36.035] [WARN] warn - { ruta: '/', metodo: 'GET' }
[2022-06-30T09:01:38.176] [WARN] warn - { ruta: '/assets/iconCel.ico', metodo: 'GET' }
[2022-06-30T09:31:09.203] [WARN] warn - { ruta: '/assets/iconCel.ico', metodo: 'GET' }
[2022-06-30T09:31:10.326] [WARN] warn - { ruta: '/assets/iconCel.ico', metodo: 'GET' }
[2022-06-30T09:31:17.596] [WARN] warn - { ruta: '/assets/iconCel.ico', metodo: 'GET' }
[2022-06-30T09:32:04.931] [WARN] warn - { ruta: '/assets/iconCel.ico', metodo: 'GET' }
[2022-06-30T09:32:05.026] [WARN] warn - { ruta: '/', metodo: 'GET' }
[2022-06-30T09:32:05.074] [WARN] warn - { ruta: '/api/login', metodo: 'GET' }
[2022-06-30T09:32:06.321] [WARN] warn - { ruta: '/', metodo: 'GET' }
[2022-06-30T09:32:06.686] [WARN] warn - { ruta: '/assets/iconCel.ico', metodo: 'GET' }
[2022-06-30T09:32:56.741] [WARN] warn - { ruta: '/assets/iconCel.ico', metodo: 'GET' }
[2022-06-30T09:33:48.412] [WARN] warn - { ruta: '/assets/iconCel.ico', metodo: 'GET' }
[2022-06-30T09:33:55.383] [WARN] warn - { ruta: '/assets/iconCel.ico', metodo: 'GET' }
[2022-06-30T09:33:55.473] [WARN] warn - { ruta: '/', metodo: 'GET' }
[2022-06-30T09:33:55.523] [WARN] warn - { ruta: '/api/login', metodo: 'GET' }
[2022-06-30T09:33:57.808] [WARN] warn - { ruta: '/', metodo: 'GET' }
[2022-06-30T09:33:58.186] [WARN] warn - { ruta: '/assets/iconCel.ico', metodo: 'GET' }
[2022-06-30T09:49:06.208] [WARN] warn - { ruta: '/assets/iconCel.ico', metodo: 'GET' }
[2022-06-30T09:49:07.119] [WARN] warn - { ruta: '/assets/iconCel.ico', metodo: 'GET' }
[2022-06-30T09:49:08.800] [WARN] warn - { ruta: '/', metodo: 'GET' }
[2022-06-30T09:49:09.337] [WARN] warn - { ruta: '/assets/iconCel.ico', metodo: 'GET' }
[2022-06-30T09:49:17.671] [WARN] warn - { ruta: '/assets/iconCel.ico', metodo: 'GET' }
[2022-06-30T09:49:22.818] [WARN] warn - { ruta: '/', metodo: 'GET' }
[2022-06-30T09:49:23.156] [WARN] warn - { ruta: '/assets/iconCel.ico', metodo: 'GET' }
[2022-08-14T19:30:05.812] [WARN] warn - { ruta: '/', metodo: 'GET' }
[2022-08-14T19:30:06.417] [WARN] warn - { ruta: '/assets/iconCel.ico', metodo: 'GET' }
[2022-08-14T19:33:15.367] [WARN] warn - { ruta: '/assets/iconCel.ico', metodo: 'GET' }
[2022-08-14T19:34:25.676] [WARN] warn - { ruta: '/assets/iconCel.ico', metodo: 'GET' }
[2022-08-14T19:35:45.982] [WARN] warn - { ruta: '/', metodo: 'GET' }
[2022-08-14T19:35:47.087] [WARN] warn - { ruta: '/assets/iconCel.ico', metodo: 'GET' }
[2022-08-14T19:35:54.399] [WARN] warn - { ruta: '/assets/iconCel.ico', metodo: 'GET' }
[2022-08-14T19:36:03.280] [WARN] warn - { ruta: '/assets/iconCel.ico', metodo: 'GET' }
[2022-08-14T19:36:08.876] [WARN] warn - { ruta: '/assets/iconCel.ico', metodo: 'GET' }
[2022-08-14T19:36:17.607] [WARN] warn - { ruta: '/assets/iconCel.ico', metodo: 'GET' }
[2022-08-14T19:36:22.098] [WARN] warn - { ruta: '/assets/iconCel.ico', metodo: 'GET' }
[2022-08-14T19:36:43.287] [WARN] warn - { ruta: '/assets/iconCel.ico', metodo: 'GET' }
[2022-08-14T19:36:50.988] [WARN] warn - { ruta: '/', metodo: 'GET' }
[2022-08-14T19:36:51.856] [WARN] warn - { ruta: '/assets/iconCel.ico', metodo: 'GET' }
[2022-08-14T19:36:57.373] [WARN] warn - { ruta: '/assets/iconCel.ico', metodo: 'GET' }
